{"/Users/lenin.uzcategui/svelte/garnet-UI/garnetui/vitest.workspace.js": {"path":"/Users/lenin.uzcategui/svelte/garnet-UI/garnetui/vitest.workspace.js","statementMap":{"0":{"start":{"line":9,"column":2},"end":{"line":9,"column":93}}},"fnMap":{},"branchMap":{"0":{"loc":{"start":{"line":9,"column":2},"end":{"line":9,"column":93}},"type":"cond-expr","locations":[{"start":{"line":9,"column":37},"end":{"line":9,"column":46}},{"start":{"line":9,"column":49},"end":{"line":9,"column":93}}]}},"s":{"0":0},"f":{},"b":{"0":[0,0]}}
,"/Users/lenin.uzcategui/svelte/garnet-UI/garnetui/dist/assets/index-C9bbYlWH.js": {"path":"/Users/lenin.uzcategui/svelte/garnet-UI/garnetui/dist/assets/index-C9bbYlWH.js","statementMap":{"0":{"start":{"line":1,"column":7},"end":{"line":1,"column":28}},"1":{"start":{"line":1,"column":36},"end":{"line":1,"column":59}},"2":{"start":{"line":1,"column":40},"end":{"line":1,"column":58}},"3":{"start":{"line":1,"column":67},"end":{"line":1,"column":149}},"4":{"start":{"line":1,"column":76},"end":{"line":1,"column":149}},"5":{"start":{"line":1,"column":156},"end":{"line":1,"column":198}},"6":{"start":{"line":1,"column":165},"end":{"line":1,"column":198}},"7":{"start":{"line":1,"column":202},"end":{"line":1,"column":236}},"8":{"start":{"line":1,"column":211},"end":{"line":1,"column":236}},"9":{"start":{"line":1,"column":243},"end":{"line":1,"column":308}},"10":{"start":{"line":1,"column":253},"end":{"line":1,"column":307}},"11":{"start":{"line":1,"column":312},"end":{"line":1,"column":426}},"12":{"start":{"line":1,"column":321},"end":{"line":1,"column":426}},"13":{"start":{"line":1,"column":430},"end":{"line":1,"column":502}},"14":{"start":{"line":1,"column":442},"end":{"line":1,"column":501}},"15":{"start":{"line":1,"column":503},"end":{"line":1,"column":1213}},"16":{"start":{"line":1,"column":523},"end":{"line":1,"column":561}},"17":{"start":{"line":1,"column":562},"end":{"line":1,"column":615}},"18":{"start":{"line":1,"column":608},"end":{"line":1,"column":615}},"19":{"start":{"line":1,"column":615},"end":{"line":1,"column":690}},"20":{"start":{"line":1,"column":685},"end":{"line":1,"column":690}},"21":{"start":{"line":1,"column":690},"end":{"line":1,"column":880}},"22":{"start":{"line":1,"column":715},"end":{"line":1,"column":833}},"23":{"start":{"line":1,"column":732},"end":{"line":1,"column":833}},"24":{"start":{"line":1,"column":756},"end":{"line":1,"column":833}},"25":{"start":{"line":1,"column":784},"end":{"line":1,"column":833}},"26":{"start":{"line":1,"column":902},"end":{"line":1,"column":904}},"27":{"start":{"line":1,"column":905},"end":{"line":1,"column":1141}},"28":{"start":{"line":1,"column":1156},"end":{"line":1,"column":1171}},"29":{"start":{"line":1,"column":1164},"end":{"line":1,"column":1171}},"30":{"start":{"line":1,"column":1171},"end":{"line":1,"column":1179}},"31":{"start":{"line":1,"column":1187},"end":{"line":1,"column":1191}},"32":{"start":{"line":1,"column":1192},"end":{"line":1,"column":1207}},"33":{"start":{"line":1,"column":1222},"end":{"line":1,"column":1224}},"34":{"start":{"line":1,"column":1232},"end":{"line":1,"column":1245}},"35":{"start":{"line":1,"column":1249},"end":{"line":1,"column":1272}},"36":{"start":{"line":1,"column":1276},"end":{"line":1,"column":1286}},"37":{"start":{"line":1,"column":1290},"end":{"line":1,"column":1301}},"38":{"start":{"line":1,"column":1305},"end":{"line":1,"column":1326}},"39":{"start":{"line":1,"column":1329},"end":{"line":1,"column":1360}},"40":{"start":{"line":1,"column":1364},"end":{"line":1,"column":1396}},"41":{"start":{"line":1,"column":1400},"end":{"line":1,"column":1416}},"42":{"start":{"line":1,"column":1420},"end":{"line":1,"column":1435}},"43":{"start":{"line":1,"column":1439},"end":{"line":1,"column":1460}},"44":{"start":{"line":1,"column":1464},"end":{"line":1,"column":1483}},"45":{"start":{"line":1,"column":1499},"end":{"line":1,"column":1532}},"46":{"start":{"line":1,"column":1509},"end":{"line":1,"column":1510}},"47":{"start":{"line":1,"column":1526},"end":{"line":1,"column":1532}},"48":{"start":{"line":1,"column":1541},"end":{"line":1,"column":1542}},"49":{"start":{"line":1,"column":1546},"end":{"line":1,"column":1547}},"50":{"start":{"line":1,"column":1551},"end":{"line":1,"column":1552}},"51":{"start":{"line":1,"column":1556},"end":{"line":1,"column":1558}},"52":{"start":{"line":1,"column":1561},"end":{"line":1,"column":1563}},"53":{"start":{"line":1,"column":1566},"end":{"line":1,"column":1568}},"54":{"start":{"line":1,"column":1572},"end":{"line":1,"column":1575}},"55":{"start":{"line":1,"column":1578},"end":{"line":1,"column":1581}},"56":{"start":{"line":1,"column":1585},"end":{"line":1,"column":1588}},"57":{"start":{"line":1,"column":1591},"end":{"line":1,"column":1595}},"58":{"start":{"line":1,"column":1598},"end":{"line":1,"column":1602}},"59":{"start":{"line":1,"column":1605},"end":{"line":1,"column":1609}},"60":{"start":{"line":1,"column":1613},"end":{"line":1,"column":1617}},"61":{"start":{"line":1,"column":1621},"end":{"line":1,"column":1626}},"62":{"start":{"line":1,"column":1630},"end":{"line":1,"column":1635}},"63":{"start":{"line":1,"column":1639},"end":{"line":1,"column":1644}},"64":{"start":{"line":1,"column":1648},"end":{"line":1,"column":1653}},"65":{"start":{"line":1,"column":1657},"end":{"line":1,"column":1662}},"66":{"start":{"line":1,"column":1666},"end":{"line":1,"column":1671}},"67":{"start":{"line":1,"column":1675},"end":{"line":1,"column":1691}},"68":{"start":{"line":1,"column":1695},"end":{"line":1,"column":1717}},"69":{"start":{"line":1,"column":1733},"end":{"line":1,"column":1750}},"70":{"start":{"line":1,"column":1768},"end":{"line":1,"column":1842}},"71":{"start":{"line":1,"column":1858},"end":{"line":1,"column":1877}},"72":{"start":{"line":1,"column":1892},"end":{"line":1,"column":1960}},"73":{"start":{"line":1,"column":1975},"end":{"line":1,"column":2031}},"74":{"start":{"line":1,"column":2046},"end":{"line":1,"column":2109}},"75":{"start":{"line":1,"column":2124},"end":{"line":1,"column":2185}},"76":{"start":{"line":1,"column":2200},"end":{"line":1,"column":2261}},"77":{"start":{"line":1,"column":2269},"end":{"line":1,"column":2271}},"78":{"start":{"line":1,"column":2275},"end":{"line":1,"column":2277}},"79":{"start":{"line":1,"column":2292},"end":{"line":1,"column":2297}},"80":{"start":{"line":1,"column":2307},"end":{"line":1,"column":2308}},"81":{"start":{"line":1,"column":2312},"end":{"line":1,"column":2315}},"82":{"start":{"line":1,"column":2319},"end":{"line":1,"column":2322}},"83":{"start":{"line":1,"column":2326},"end":{"line":1,"column":2328}},"84":{"start":{"line":1,"column":2331},"end":{"line":1,"column":2339}},"85":{"start":{"line":1,"column":2343},"end":{"line":1,"column":2373}},"86":{"start":{"line":1,"column":2380},"end":{"line":1,"column":2384}},"87":{"start":{"line":1,"column":2400},"end":{"line":1,"column":2403}},"88":{"start":{"line":1,"column":2432},"end":{"line":1,"column":2481}},"89":{"start":{"line":1,"column":2482},"end":{"line":1,"column":2544}},"90":{"start":{"line":1,"column":2536},"end":{"line":1,"column":2542}},"91":{"start":{"line":1,"column":2568},"end":{"line":1,"column":2569}},"92":{"start":{"line":1,"column":2570},"end":{"line":1,"column":2740}},"93":{"start":{"line":1,"column":2591},"end":{"line":1,"column":2594}},"94":{"start":{"line":1,"column":2595},"end":{"line":1,"column":2727}},"95":{"start":{"line":1,"column":2614},"end":{"line":1,"column":2615}},"96":{"start":{"line":1,"column":2618},"end":{"line":1,"column":2619}},"97":{"start":{"line":1,"column":2620},"end":{"line":1,"column":2629}},"98":{"start":{"line":1,"column":2629},"end":{"line":1,"column":2726}},"99":{"start":{"line":1,"column":2633},"end":{"line":1,"column":2707}},"100":{"start":{"line":1,"column":2643},"end":{"line":1,"column":2644}},"101":{"start":{"line":1,"column":2667},"end":{"line":1,"column":2671}},"102":{"start":{"line":1,"column":2672},"end":{"line":1,"column":2706}},"103":{"start":{"line":1,"column":2716},"end":{"line":1,"column":2725}},"104":{"start":{"line":1,"column":2727},"end":{"line":1,"column":2739}},"105":{"start":{"line":1,"column":2740},"end":{"line":1,"column":2748}},"106":{"start":{"line":1,"column":2763},"end":{"line":1,"column":2794}},"107":{"start":{"line":1,"column":2809},"end":{"line":1,"column":2859}},"108":{"start":{"line":1,"column":2850},"end":{"line":1,"column":2859}},"109":{"start":{"line":1,"column":2867},"end":{"line":1,"column":2872}},"110":{"start":{"line":1,"column":2873},"end":{"line":1,"column":2900}},"111":{"start":{"line":1,"column":2891},"end":{"line":1,"column":2900}},"112":{"start":{"line":1,"column":2906},"end":{"line":1,"column":2913}},"113":{"start":{"line":1,"column":2916},"end":{"line":1,"column":2921}},"114":{"start":{"line":1,"column":2924},"end":{"line":1,"column":2928}},"115":{"start":{"line":1,"column":2931},"end":{"line":1,"column":2932}},"116":{"start":{"line":1,"column":2935},"end":{"line":1,"column":2976}},"117":{"start":{"line":1,"column":2945},"end":{"line":1,"column":2946}},"118":{"start":{"line":1,"column":2947},"end":{"line":1,"column":2952}},"119":{"start":{"line":1,"column":2958},"end":{"line":1,"column":2961}},"120":{"start":{"line":1,"column":2962},"end":{"line":1,"column":2975}},"121":{"start":{"line":1,"column":2977},"end":{"line":1,"column":4830}},"122":{"start":{"line":1,"column":3050},"end":{"line":1,"column":3130}},"123":{"start":{"line":1,"column":3136},"end":{"line":1,"column":3144}},"124":{"start":{"line":1,"column":3145},"end":{"line":1,"column":3221}},"125":{"start":{"line":1,"column":3172},"end":{"line":1,"column":3182}},"126":{"start":{"line":1,"column":3206},"end":{"line":1,"column":3216}},"127":{"start":{"line":1,"column":3249},"end":{"line":1,"column":3257}},"128":{"start":{"line":1,"column":3258},"end":{"line":1,"column":3422}},"129":{"start":{"line":1,"column":3272},"end":{"line":1,"column":3309}},"130":{"start":{"line":1,"column":3295},"end":{"line":1,"column":3299}},"131":{"start":{"line":1,"column":3314},"end":{"line":1,"column":3409}},"132":{"start":{"line":1,"column":3346},"end":{"line":1,"column":3361}},"133":{"start":{"line":1,"column":3364},"end":{"line":1,"column":3373}},"134":{"start":{"line":1,"column":3374},"end":{"line":1,"column":3408}},"135":{"start":{"line":1,"column":3409},"end":{"line":1,"column":3421}},"136":{"start":{"line":1,"column":3422},"end":{"line":1,"column":3430}},"137":{"start":{"line":1,"column":3449},"end":{"line":1,"column":3468}},"138":{"start":{"line":1,"column":3459},"end":{"line":1,"column":3468}},"139":{"start":{"line":1,"column":3474},"end":{"line":1,"column":3482}},"140":{"start":{"line":1,"column":3485},"end":{"line":1,"column":3491}},"141":{"start":{"line":1,"column":3492},"end":{"line":1,"column":3625}},"142":{"start":{"line":1,"column":3552},"end":{"line":1,"column":3566}},"143":{"start":{"line":1,"column":3598},"end":{"line":1,"column":3602}},"144":{"start":{"line":1,"column":3603},"end":{"line":1,"column":3624}},"145":{"start":{"line":1,"column":3625},"end":{"line":1,"column":3650}},"146":{"start":{"line":1,"column":3688},"end":{"line":1,"column":3725}},"147":{"start":{"line":1,"column":3726},"end":{"line":1,"column":3913}},"148":{"start":{"line":1,"column":3751},"end":{"line":1,"column":3759}},"149":{"start":{"line":1,"column":3760},"end":{"line":1,"column":3777}},"150":{"start":{"line":1,"column":3783},"end":{"line":1,"column":3913}},"151":{"start":{"line":1,"column":3804},"end":{"line":1,"column":3812}},"152":{"start":{"line":1,"column":3815},"end":{"line":1,"column":3833}},"153":{"start":{"line":1,"column":3834},"end":{"line":1,"column":3912}},"154":{"start":{"line":1,"column":3855},"end":{"line":1,"column":3912}},"155":{"start":{"line":1,"column":3913},"end":{"line":1,"column":3921}},"156":{"start":{"line":1,"column":3938},"end":{"line":1,"column":3957}},"157":{"start":{"line":1,"column":3948},"end":{"line":1,"column":3957}},"158":{"start":{"line":1,"column":3963},"end":{"line":1,"column":3971}},"159":{"start":{"line":1,"column":3974},"end":{"line":1,"column":4011}},"160":{"start":{"line":1,"column":4012},"end":{"line":1,"column":4151}},"161":{"start":{"line":1,"column":4073},"end":{"line":1,"column":4122}},"162":{"start":{"line":1,"column":4094},"end":{"line":1,"column":4108}},"163":{"start":{"line":1,"column":4128},"end":{"line":1,"column":4132}},"164":{"start":{"line":1,"column":4133},"end":{"line":1,"column":4150}},"165":{"start":{"line":1,"column":4142},"end":{"line":1,"column":4150}},"166":{"start":{"line":1,"column":4151},"end":{"line":1,"column":4159}},"167":{"start":{"line":1,"column":4187},"end":{"line":1,"column":4195}},"168":{"start":{"line":1,"column":4198},"end":{"line":1,"column":4204}},"169":{"start":{"line":1,"column":4205},"end":{"line":1,"column":4322}},"170":{"start":{"line":1,"column":4224},"end":{"line":1,"column":4322}},"171":{"start":{"line":1,"column":4234},"end":{"line":1,"column":4235}},"172":{"start":{"line":1,"column":4254},"end":{"line":1,"column":4265}},"173":{"start":{"line":1,"column":4266},"end":{"line":1,"column":4321}},"174":{"start":{"line":1,"column":4301},"end":{"line":1,"column":4305}},"175":{"start":{"line":1,"column":4322},"end":{"line":1,"column":4449}},"176":{"start":{"line":1,"column":4380},"end":{"line":1,"column":4389}},"177":{"start":{"line":1,"column":4401},"end":{"line":1,"column":4405}},"178":{"start":{"line":1,"column":4441},"end":{"line":1,"column":4445}},"179":{"start":{"line":1,"column":4455},"end":{"line":1,"column":4492}},"180":{"start":{"line":1,"column":4493},"end":{"line":1,"column":4643}},"181":{"start":{"line":1,"column":4532},"end":{"line":1,"column":4637}},"182":{"start":{"line":1,"column":4565},"end":{"line":1,"column":4580}},"183":{"start":{"line":1,"column":4584},"end":{"line":1,"column":4593}},"184":{"start":{"line":1,"column":4594},"end":{"line":1,"column":4636}},"185":{"start":{"line":1,"column":4637},"end":{"line":1,"column":4642}},"186":{"start":{"line":1,"column":4643},"end":{"line":1,"column":4651}},"187":{"start":{"line":1,"column":4664},"end":{"line":1,"column":4669}},"188":{"start":{"line":1,"column":4675},"end":{"line":1,"column":4748}},"189":{"start":{"line":1,"column":4711},"end":{"line":1,"column":4719}},"190":{"start":{"line":1,"column":4720},"end":{"line":1,"column":4746}},"191":{"start":{"line":1,"column":4749},"end":{"line":1,"column":4796}},"192":{"start":{"line":1,"column":4766},"end":{"line":1,"column":4796}},"193":{"start":{"line":1,"column":4796},"end":{"line":1,"column":4804}},"194":{"start":{"line":1,"column":4823},"end":{"line":1,"column":4827}},"195":{"start":{"line":1,"column":4850},"end":{"line":1,"column":4860}},"196":{"start":{"line":1,"column":4882},"end":{"line":1,"column":4885}},"197":{"start":{"line":1,"column":4888},"end":{"line":1,"column":4916}},"198":{"start":{"line":1,"column":4917},"end":{"line":1,"column":5062}},"199":{"start":{"line":1,"column":5084},"end":{"line":1,"column":5093}},"200":{"start":{"line":1,"column":5094},"end":{"line":1,"column":5158}},"201":{"start":{"line":1,"column":5107},"end":{"line":1,"column":5122}},"202":{"start":{"line":1,"column":5122},"end":{"line":1,"column":5157}},"203":{"start":{"line":1,"column":5132},"end":{"line":1,"column":5133}},"204":{"start":{"line":1,"column":5150},"end":{"line":1,"column":5157}},"205":{"start":{"line":1,"column":5174},"end":{"line":1,"column":5239}},"206":{"start":{"line":1,"column":5184},"end":{"line":1,"column":5192}},"207":{"start":{"line":1,"column":5204},"end":{"line":1,"column":5228}},"208":{"start":{"line":1,"column":5219},"end":{"line":1,"column":5228}},"209":{"start":{"line":1,"column":5228},"end":{"line":1,"column":5238}},"210":{"start":{"line":1,"column":5239},"end":{"line":1,"column":5250}},"211":{"start":{"line":1,"column":5274},"end":{"line":1,"column":5275}},"212":{"start":{"line":1,"column":5276},"end":{"line":1,"column":5285}},"213":{"start":{"line":1,"column":5285},"end":{"line":1,"column":5316}},"214":{"start":{"line":1,"column":5289},"end":{"line":1,"column":5302}},"215":{"start":{"line":1,"column":5311},"end":{"line":1,"column":5315}},"216":{"start":{"line":1,"column":5316},"end":{"line":1,"column":5324}},"217":{"start":{"line":1,"column":5346},"end":{"line":1,"column":5351}},"218":{"start":{"line":1,"column":5354},"end":{"line":1,"column":5389}},"219":{"start":{"line":1,"column":5390},"end":{"line":1,"column":5427}},"220":{"start":{"line":1,"column":5437},"end":{"line":1,"column":5444}},"221":{"start":{"line":1,"column":5468},"end":{"line":1,"column":5512}},"222":{"start":{"line":1,"column":5513},"end":{"line":1,"column":5521}},"223":{"start":{"line":1,"column":5546},"end":{"line":1,"column":5551}},"224":{"start":{"line":1,"column":5552},"end":{"line":1,"column":5566}},"225":{"start":{"line":1,"column":5601},"end":{"line":1,"column":5606}},"226":{"start":{"line":1,"column":5607},"end":{"line":1,"column":5688}},"227":{"start":{"line":1,"column":5710},"end":{"line":1,"column":5780}},"228":{"start":{"line":1,"column":5786},"end":{"line":1,"column":5794}},"229":{"start":{"line":1,"column":5795},"end":{"line":1,"column":5809}},"230":{"start":{"line":1,"column":5827},"end":{"line":1,"column":6035}},"231":{"start":{"line":1,"column":5850},"end":{"line":1,"column":5853}},"232":{"start":{"line":1,"column":5854},"end":{"line":1,"column":6034}},"233":{"start":{"line":1,"column":6035},"end":{"line":1,"column":6043}},"234":{"start":{"line":1,"column":6067},"end":{"line":1,"column":6078}},"235":{"start":{"line":1,"column":6079},"end":{"line":1,"column":6221}},"236":{"start":{"line":1,"column":6091},"end":{"line":1,"column":6221}},"237":{"start":{"line":1,"column":6101},"end":{"line":1,"column":6105}},"238":{"start":{"line":1,"column":6108},"end":{"line":1,"column":6116}},"239":{"start":{"line":1,"column":6119},"end":{"line":1,"column":6120}},"240":{"start":{"line":1,"column":6136},"end":{"line":1,"column":6140}},"241":{"start":{"line":1,"column":6143},"end":{"line":1,"column":6146}},"242":{"start":{"line":1,"column":6147},"end":{"line":1,"column":6220}},"243":{"start":{"line":1,"column":6237},"end":{"line":1,"column":6292}},"244":{"start":{"line":1,"column":6299},"end":{"line":1,"column":6301}},"245":{"start":{"line":1,"column":6317},"end":{"line":1,"column":6320}},"246":{"start":{"line":1,"column":6341},"end":{"line":1,"column":6367}},"247":{"start":{"line":1,"column":6353},"end":{"line":1,"column":6367}},"248":{"start":{"line":1,"column":6367},"end":{"line":1,"column":6377}},"249":{"start":{"line":1,"column":6392},"end":{"line":1,"column":6407}},"250":{"start":{"line":1,"column":6422},"end":{"line":1,"column":6462}},"251":{"start":{"line":1,"column":6428},"end":{"line":1,"column":6458}},"252":{"start":{"line":1,"column":6444},"end":{"line":1,"column":6458}},"253":{"start":{"line":1,"column":6458},"end":{"line":1,"column":6461}},"254":{"start":{"line":1,"column":6480},"end":{"line":1,"column":6519}},"255":{"start":{"line":1,"column":6486},"end":{"line":1,"column":6515}},"256":{"start":{"line":1,"column":6496},"end":{"line":1,"column":6497}},"257":{"start":{"line":1,"column":6500},"end":{"line":1,"column":6501}},"258":{"start":{"line":1,"column":6507},"end":{"line":1,"column":6515}},"259":{"start":{"line":1,"column":6515},"end":{"line":1,"column":6518}},"260":{"start":{"line":1,"column":6550},"end":{"line":1,"column":6843}},"261":{"start":{"line":1,"column":6566},"end":{"line":1,"column":6615}},"262":{"start":{"line":1,"column":6621},"end":{"line":1,"column":6638}},"263":{"start":{"line":1,"column":6641},"end":{"line":1,"column":6655}},"264":{"start":{"line":1,"column":6658},"end":{"line":1,"column":6672}},"265":{"start":{"line":1,"column":6673},"end":{"line":1,"column":6842}},"266":{"start":{"line":1,"column":6862},"end":{"line":1,"column":6895}},"267":{"start":{"line":1,"column":6911},"end":{"line":1,"column":6928}},"268":{"start":{"line":1,"column":6944},"end":{"line":1,"column":6961}},"269":{"start":{"line":1,"column":6978},"end":{"line":1,"column":6997}},"270":{"start":{"line":1,"column":6984},"end":{"line":1,"column":6997}},"271":{"start":{"line":1,"column":7003},"end":{"line":1,"column":7008}},"272":{"start":{"line":1,"column":7009},"end":{"line":1,"column":7056}},"273":{"start":{"line":1,"column":7087},"end":{"line":1,"column":7092}},"274":{"start":{"line":1,"column":7093},"end":{"line":1,"column":7120}},"275":{"start":{"line":1,"column":7108},"end":{"line":1,"column":7120}},"276":{"start":{"line":1,"column":7120},"end":{"line":1,"column":7135}},"277":{"start":{"line":1,"column":7126},"end":{"line":1,"column":7135}},"278":{"start":{"line":1,"column":7141},"end":{"line":1,"column":7166}},"279":{"start":{"line":1,"column":7167},"end":{"line":1,"column":7246}},"280":{"start":{"line":1,"column":7186},"end":{"line":1,"column":7190}},"281":{"start":{"line":1,"column":7191},"end":{"line":1,"column":7245}},"282":{"start":{"line":1,"column":7246},"end":{"line":1,"column":7259}},"283":{"start":{"line":1,"column":7275},"end":{"line":1,"column":7291}},"284":{"start":{"line":1,"column":7315},"end":{"line":1,"column":7321}},"285":{"start":{"line":1,"column":7322},"end":{"line":1,"column":7376}},"286":{"start":{"line":1,"column":7406},"end":{"line":1,"column":7407}},"287":{"start":{"line":1,"column":7410},"end":{"line":1,"column":7556}},"288":{"start":{"line":1,"column":7557},"end":{"line":1,"column":7623}},"289":{"start":{"line":1,"column":7562},"end":{"line":1,"column":7602}},"290":{"start":{"line":1,"column":7566},"end":{"line":1,"column":7579}},"291":{"start":{"line":1,"column":7589},"end":{"line":1,"column":7601}},"292":{"start":{"line":1,"column":7607},"end":{"line":1,"column":7623}},"293":{"start":{"line":1,"column":7629},"end":{"line":1,"column":7721}},"294":{"start":{"line":1,"column":7722},"end":{"line":1,"column":7819}},"295":{"start":{"line":1,"column":7781},"end":{"line":1,"column":7782}},"296":{"start":{"line":1,"column":7783},"end":{"line":1,"column":7818}},"297":{"start":{"line":1,"column":7819},"end":{"line":1,"column":7827}},"298":{"start":{"line":1,"column":7851},"end":{"line":1,"column":7864}},"299":{"start":{"line":1,"column":7865},"end":{"line":1,"column":7893}},"300":{"start":{"line":1,"column":7917},"end":{"line":1,"column":7926}},"301":{"start":{"line":1,"column":7927},"end":{"line":1,"column":7943}},"302":{"start":{"line":1,"column":7938},"end":{"line":1,"column":7942}},"303":{"start":{"line":1,"column":7967},"end":{"line":1,"column":7976}},"304":{"start":{"line":1,"column":7977},"end":{"line":1,"column":8060}},"305":{"start":{"line":1,"column":7991},"end":{"line":1,"column":8060}},"306":{"start":{"line":1,"column":8007},"end":{"line":1,"column":8058}},"307":{"start":{"line":1,"column":8025},"end":{"line":1,"column":8039}},"308":{"start":{"line":1,"column":8076},"end":{"line":1,"column":8093}},"309":{"start":{"line":1,"column":8109},"end":{"line":1,"column":8126}},"310":{"start":{"line":1,"column":8160},"end":{"line":1,"column":8168}},"311":{"start":{"line":1,"column":8169},"end":{"line":1,"column":8198}},"312":{"start":{"line":1,"column":8183},"end":{"line":1,"column":8197}},"313":{"start":{"line":1,"column":8218},"end":{"line":1,"column":8240}},"314":{"start":{"line":1,"column":8261},"end":{"line":1,"column":8282}},"315":{"start":{"line":1,"column":8304},"end":{"line":1,"column":8314}},"316":{"start":{"line":1,"column":8315},"end":{"line":1,"column":8395}},"317":{"start":{"line":1,"column":8336},"end":{"line":1,"column":8338}},"318":{"start":{"line":1,"column":8341},"end":{"line":1,"column":8342}},"319":{"start":{"line":1,"column":8343},"end":{"line":1,"column":8358}},"320":{"start":{"line":1,"column":8358},"end":{"line":1,"column":8394}},"321":{"start":{"line":1,"column":8362},"end":{"line":1,"column":8374}},"322":{"start":{"line":1,"column":8383},"end":{"line":1,"column":8393}},"323":{"start":{"line":1,"column":8422},"end":{"line":1,"column":8429}},"324":{"start":{"line":1,"column":8430},"end":{"line":1,"column":8515}},"325":{"start":{"line":1,"column":8471},"end":{"line":1,"column":8477}},"326":{"start":{"line":1,"column":8478},"end":{"line":1,"column":8514}},"327":{"start":{"line":1,"column":8531},"end":{"line":1,"column":8595}},"328":{"start":{"line":1,"column":8541},"end":{"line":1,"column":8548}},"329":{"start":{"line":1,"column":8566},"end":{"line":1,"column":8572}},"330":{"start":{"line":1,"column":8573},"end":{"line":1,"column":8594}},"331":{"start":{"line":1,"column":8621},"end":{"line":1,"column":8623}},"332":{"start":{"line":1,"column":8624},"end":{"line":1,"column":8730}},"333":{"start":{"line":1,"column":8736},"end":{"line":1,"column":8749}},"334":{"start":{"line":1,"column":8750},"end":{"line":1,"column":8788}},"335":{"start":{"line":1,"column":8762},"end":{"line":1,"column":8788}},"336":{"start":{"line":1,"column":8779},"end":{"line":1,"column":8788}},"337":{"start":{"line":1,"column":8788},"end":{"line":1,"column":8794}},"338":{"start":{"line":1,"column":8800},"end":{"line":1,"column":8808}},"339":{"start":{"line":1,"column":8809},"end":{"line":1,"column":8914}},"340":{"start":{"line":1,"column":8932},"end":{"line":1,"column":8986}},"341":{"start":{"line":1,"column":8954},"end":{"line":1,"column":8970}},"342":{"start":{"line":1,"column":8971},"end":{"line":1,"column":8985}},"343":{"start":{"line":1,"column":9008},"end":{"line":1,"column":9016}},"344":{"start":{"line":1,"column":9019},"end":{"line":1,"column":9025}},"345":{"start":{"line":1,"column":9028},"end":{"line":1,"column":9034}},"346":{"start":{"line":1,"column":9035},"end":{"line":1,"column":9136}},"347":{"start":{"line":1,"column":9160},"end":{"line":1,"column":9162}},"348":{"start":{"line":1,"column":9163},"end":{"line":1,"column":9197}},"349":{"start":{"line":1,"column":9184},"end":{"line":1,"column":9195}},"350":{"start":{"line":1,"column":9221},"end":{"line":1,"column":9229}},"351":{"start":{"line":1,"column":9230},"end":{"line":1,"column":9289}},"352":{"start":{"line":1,"column":9244},"end":{"line":1,"column":9256}},"353":{"start":{"line":1,"column":9248},"end":{"line":1,"column":9256}},"354":{"start":{"line":1,"column":9257},"end":{"line":1,"column":9280}},"355":{"start":{"line":1,"column":9272},"end":{"line":1,"column":9280}},"356":{"start":{"line":1,"column":9286},"end":{"line":1,"column":9289}},"357":{"start":{"line":1,"column":9309},"end":{"line":1,"column":9505}},"358":{"start":{"line":1,"column":9326},"end":{"line":1,"column":9415}},"359":{"start":{"line":1,"column":9358},"end":{"line":1,"column":9415}},"360":{"start":{"line":1,"column":9387},"end":{"line":1,"column":9415}},"361":{"start":{"line":1,"column":9415},"end":{"line":1,"column":9504}},"362":{"start":{"line":1,"column":9425},"end":{"line":1,"column":9432}},"363":{"start":{"line":1,"column":9450},"end":{"line":1,"column":9456}},"364":{"start":{"line":1,"column":9459},"end":{"line":1,"column":9484}},"365":{"start":{"line":1,"column":9485},"end":{"line":1,"column":9503}},"366":{"start":{"line":1,"column":9513},"end":{"line":1,"column":9515}},"367":{"start":{"line":1,"column":9519},"end":{"line":1,"column":9521}},"368":{"start":{"line":1,"column":9542},"end":{"line":1,"column":9544}},"369":{"start":{"line":1,"column":9545},"end":{"line":1,"column":9556}},"370":{"start":{"line":1,"column":9577},"end":{"line":1,"column":9579}},"371":{"start":{"line":1,"column":9580},"end":{"line":1,"column":9591}},"372":{"start":{"line":1,"column":9607},"end":{"line":1,"column":9651}},"373":{"start":{"line":1,"column":9666},"end":{"line":1,"column":9701}},"374":{"start":{"line":1,"column":9709},"end":{"line":1,"column":9711}},"375":{"start":{"line":1,"column":9715},"end":{"line":1,"column":9717}},"376":{"start":{"line":1,"column":9721},"end":{"line":1,"column":9725}},"377":{"start":{"line":1,"column":9728},"end":{"line":1,"column":9730}},"378":{"start":{"line":1,"column":9734},"end":{"line":1,"column":9736}},"379":{"start":{"line":1,"column":9752},"end":{"line":1,"column":9756}},"380":{"start":{"line":1,"column":9764},"end":{"line":1,"column":9766}},"381":{"start":{"line":1,"column":9773},"end":{"line":1,"column":9777}},"382":{"start":{"line":1,"column":9780},"end":{"line":1,"column":9782}},"383":{"start":{"line":1,"column":9797},"end":{"line":1,"column":9800}},"384":{"start":{"line":1,"column":9807},"end":{"line":1,"column":9811}},"385":{"start":{"line":1,"column":9826},"end":{"line":1,"column":9829}},"386":{"start":{"line":1,"column":9836},"end":{"line":1,"column":9840}},"387":{"start":{"line":1,"column":9856},"end":{"line":1,"column":9900}},"388":{"start":{"line":1,"column":9907},"end":{"line":1,"column":9911}},"389":{"start":{"line":1,"column":9914},"end":{"line":1,"column":9915}},"390":{"start":{"line":1,"column":9918},"end":{"line":1,"column":9922}},"391":{"start":{"line":1,"column":9938},"end":{"line":1,"column":9941}},"392":{"start":{"line":1,"column":9949},"end":{"line":1,"column":9950}},"393":{"start":{"line":1,"column":9954},"end":{"line":1,"column":9955}},"394":{"start":{"line":1,"column":9958},"end":{"line":1,"column":9960}},"395":{"start":{"line":1,"column":9975},"end":{"line":1,"column":9985}},"396":{"start":{"line":1,"column":10013},"end":{"line":1,"column":10016}},"397":{"start":{"line":1,"column":10017},"end":{"line":1,"column":10039}},"398":{"start":{"line":1,"column":10030},"end":{"line":1,"column":10039}},"399":{"start":{"line":1,"column":10039},"end":{"line":1,"column":10426}},"400":{"start":{"line":1,"column":10059},"end":{"line":1,"column":10065}},"401":{"start":{"line":1,"column":10068},"end":{"line":1,"column":10077}},"402":{"start":{"line":1,"column":10078},"end":{"line":1,"column":10399}},"403":{"start":{"line":1,"column":10101},"end":{"line":1,"column":10111}},"404":{"start":{"line":1,"column":10114},"end":{"line":1,"column":10129}},"405":{"start":{"line":1,"column":10132},"end":{"line":1,"column":10140}},"406":{"start":{"line":1,"column":10141},"end":{"line":1,"column":10341}},"407":{"start":{"line":1,"column":10156},"end":{"line":1,"column":10157}},"408":{"start":{"line":1,"column":10160},"end":{"line":1,"column":10168}},"409":{"start":{"line":1,"column":10169},"end":{"line":1,"column":10293}},"410":{"start":{"line":1,"column":10185},"end":{"line":1,"column":10293}},"411":{"start":{"line":1,"column":10293},"end":{"line":1,"column":10340}},"412":{"start":{"line":1,"column":10341},"end":{"line":1,"column":10398}},"413":{"start":{"line":1,"column":10357},"end":{"line":1,"column":10398}},"414":{"start":{"line":1,"column":10390},"end":{"line":1,"column":10398}},"415":{"start":{"line":1,"column":10399},"end":{"line":1,"column":10425}},"416":{"start":{"line":1,"column":10426},"end":{"line":1,"column":10434}},"417":{"start":{"line":1,"column":10452},"end":{"line":1,"column":10535}},"418":{"start":{"line":1,"column":10462},"end":{"line":1,"column":10463}},"419":{"start":{"line":1,"column":10475},"end":{"line":1,"column":10524}},"420":{"start":{"line":1,"column":10491},"end":{"line":1,"column":10524}},"421":{"start":{"line":1,"column":10495},"end":{"line":1,"column":10503}},"422":{"start":{"line":1,"column":10503},"end":{"line":1,"column":10509}},"423":{"start":{"line":1,"column":10516},"end":{"line":1,"column":10523}},"424":{"start":{"line":1,"column":10524},"end":{"line":1,"column":10534}},"425":{"start":{"line":1,"column":10535},"end":{"line":1,"column":10548}},"426":{"start":{"line":1,"column":10564},"end":{"line":1,"column":10622}},"427":{"start":{"line":1,"column":10644},"end":{"line":1,"column":10693}},"428":{"start":{"line":1,"column":10651},"end":{"line":1,"column":10686}},"429":{"start":{"line":1,"column":10678},"end":{"line":1,"column":10686}},"430":{"start":{"line":1,"column":10686},"end":{"line":1,"column":10692}},"431":{"start":{"line":1,"column":10693},"end":{"line":1,"column":10735}},"432":{"start":{"line":1,"column":10728},"end":{"line":1,"column":10735}},"433":{"start":{"line":1,"column":10764},"end":{"line":1,"column":10775}},"434":{"start":{"line":1,"column":10776},"end":{"line":1,"column":10920}},"435":{"start":{"line":1,"column":10788},"end":{"line":1,"column":10920}},"436":{"start":{"line":1,"column":10798},"end":{"line":1,"column":10799}},"437":{"start":{"line":1,"column":10822},"end":{"line":1,"column":10826}},"438":{"start":{"line":1,"column":10827},"end":{"line":1,"column":10919}},"439":{"start":{"line":1,"column":10948},"end":{"line":1,"column":10949}},"440":{"start":{"line":1,"column":10952},"end":{"line":1,"column":10953}},"441":{"start":{"line":1,"column":10956},"end":{"line":1,"column":10957}},"442":{"start":{"line":1,"column":10960},"end":{"line":1,"column":10961}},"443":{"start":{"line":1,"column":10964},"end":{"line":1,"column":10965}},"444":{"start":{"line":1,"column":10968},"end":{"line":1,"column":10969}},"445":{"start":{"line":1,"column":10972},"end":{"line":1,"column":10973}},"446":{"start":{"line":1,"column":10976},"end":{"line":1,"column":10977}},"447":{"start":{"line":1,"column":10980},"end":{"line":1,"column":10983}},"448":{"start":{"line":1,"column":10984},"end":{"line":1,"column":11091}},"449":{"start":{"line":1,"column":11091},"end":{"line":1,"column":11566}},"450":{"start":{"line":1,"column":11101},"end":{"line":1,"column":11111}},"451":{"start":{"line":1,"column":11114},"end":{"line":1,"column":11120}},"452":{"start":{"line":1,"column":11121},"end":{"line":1,"column":11360}},"453":{"start":{"line":1,"column":11140},"end":{"line":1,"column":11236}},"454":{"start":{"line":1,"column":11165},"end":{"line":1,"column":11220}},"455":{"start":{"line":1,"column":11208},"end":{"line":1,"column":11220}},"456":{"start":{"line":1,"column":11225},"end":{"line":1,"column":11236}},"457":{"start":{"line":1,"column":11236},"end":{"line":1,"column":11311}},"458":{"start":{"line":1,"column":11242},"end":{"line":1,"column":11311}},"459":{"start":{"line":1,"column":11265},"end":{"line":1,"column":11311}},"460":{"start":{"line":1,"column":11317},"end":{"line":1,"column":11360}},"461":{"start":{"line":1,"column":11360},"end":{"line":1,"column":11445}},"462":{"start":{"line":1,"column":11411},"end":{"line":1,"column":11445}},"463":{"start":{"line":1,"column":11434},"end":{"line":1,"column":11445}},"464":{"start":{"line":1,"column":11445},"end":{"line":1,"column":11515}},"465":{"start":{"line":1,"column":11524},"end":{"line":1,"column":11565}},"466":{"start":{"line":1,"column":11590},"end":{"line":1,"column":11601}},"467":{"start":{"line":1,"column":11602},"end":{"line":1,"column":11708}},"468":{"start":{"line":1,"column":11621},"end":{"line":1,"column":11633}},"469":{"start":{"line":1,"column":11634},"end":{"line":1,"column":11707}},"470":{"start":{"line":1,"column":11651},"end":{"line":1,"column":11661}},"471":{"start":{"line":1,"column":11662},"end":{"line":1,"column":11706}},"472":{"start":{"line":1,"column":11708},"end":{"line":1,"column":11809}},"473":{"start":{"line":1,"column":11833},"end":{"line":1,"column":11839}},"474":{"start":{"line":1,"column":11840},"end":{"line":1,"column":11889}},"475":{"start":{"line":1,"column":11852},"end":{"line":1,"column":11889}},"476":{"start":{"line":1,"column":11862},"end":{"line":1,"column":11863}},"477":{"start":{"line":1,"column":11879},"end":{"line":1,"column":11889}},"478":{"start":{"line":1,"column":11911},"end":{"line":1,"column":11914}},"479":{"start":{"line":1,"column":11915},"end":{"line":1,"column":12128}},"480":{"start":{"line":1,"column":11930},"end":{"line":1,"column":11937}},"481":{"start":{"line":1,"column":11943},"end":{"line":1,"column":11944}},"482":{"start":{"line":1,"column":11947},"end":{"line":1,"column":11948}},"483":{"start":{"line":1,"column":11951},"end":{"line":1,"column":11952}},"484":{"start":{"line":1,"column":11953},"end":{"line":1,"column":11962}},"485":{"start":{"line":1,"column":11962},"end":{"line":1,"column":12127}},"486":{"start":{"line":1,"column":11966},"end":{"line":1,"column":11995}},"487":{"start":{"line":1,"column":12001},"end":{"line":1,"column":12006}},"488":{"start":{"line":1,"column":12007},"end":{"line":1,"column":12054}},"489":{"start":{"line":1,"column":12060},"end":{"line":1,"column":12066}},"490":{"start":{"line":1,"column":12069},"end":{"line":1,"column":12082}},"491":{"start":{"line":1,"column":12092},"end":{"line":1,"column":12110}},"492":{"start":{"line":1,"column":12119},"end":{"line":1,"column":12126}},"493":{"start":{"line":1,"column":12143},"end":{"line":1,"column":12201}},"494":{"start":{"line":1,"column":12147},"end":{"line":1,"column":12151}},"495":{"start":{"line":1,"column":12161},"end":{"line":1,"column":12200}},"496":{"start":{"line":1,"column":12174},"end":{"line":1,"column":12188}},"497":{"start":{"line":1,"column":12193},"end":{"line":1,"column":12200}},"498":{"start":{"line":1,"column":12222},"end":{"line":1,"column":12223}},"499":{"start":{"line":1,"column":12224},"end":{"line":1,"column":12379}},"500":{"start":{"line":1,"column":12234},"end":{"line":1,"column":12235}},"501":{"start":{"line":1,"column":12236},"end":{"line":1,"column":12352}},"502":{"start":{"line":1,"column":12259},"end":{"line":1,"column":12273}},"503":{"start":{"line":1,"column":12279},"end":{"line":1,"column":12281}},"504":{"start":{"line":1,"column":12284},"end":{"line":1,"column":12292}},"505":{"start":{"line":1,"column":12293},"end":{"line":1,"column":12299}},"506":{"start":{"line":1,"column":12299},"end":{"line":1,"column":12341}},"507":{"start":{"line":1,"column":12309},"end":{"line":1,"column":12310}},"508":{"start":{"line":1,"column":12326},"end":{"line":1,"column":12334}},"509":{"start":{"line":1,"column":12335},"end":{"line":1,"column":12340}},"510":{"start":{"line":1,"column":12341},"end":{"line":1,"column":12351}},"511":{"start":{"line":1,"column":12361},"end":{"line":1,"column":12378}},"512":{"start":{"line":1,"column":12401},"end":{"line":1,"column":12409}},"513":{"start":{"line":1,"column":12410},"end":{"line":1,"column":12609}},"514":{"start":{"line":1,"column":12419},"end":{"line":1,"column":12609}},"515":{"start":{"line":1,"column":12429},"end":{"line":1,"column":12430}},"516":{"start":{"line":1,"column":12446},"end":{"line":1,"column":12450}},"517":{"start":{"line":1,"column":12451},"end":{"line":1,"column":12608}},"518":{"start":{"line":1,"column":12472},"end":{"line":1,"column":12608}},"519":{"start":{"line":1,"column":12476},"end":{"line":1,"column":12579}},"520":{"start":{"line":1,"column":12589},"end":{"line":1,"column":12607}},"521":{"start":{"line":1,"column":12625},"end":{"line":1,"column":12656}},"522":{"start":{"line":1,"column":12656},"end":{"line":1,"column":12756}},"523":{"start":{"line":1,"column":12666},"end":{"line":1,"column":12670}},"524":{"start":{"line":1,"column":12689},"end":{"line":1,"column":12700}},"525":{"start":{"line":1,"column":12706},"end":{"line":1,"column":12709}},"526":{"start":{"line":1,"column":12710},"end":{"line":1,"column":12755}},"527":{"start":{"line":1,"column":12728},"end":{"line":1,"column":12748}},"528":{"start":{"line":1,"column":12741},"end":{"line":1,"column":12748}},"529":{"start":{"line":1,"column":12748},"end":{"line":1,"column":12754}},"530":{"start":{"line":1,"column":12756},"end":{"line":1,"column":12766}},"531":{"start":{"line":1,"column":12782},"end":{"line":1,"column":13095}},"532":{"start":{"line":1,"column":12792},"end":{"line":1,"column":12794}},"533":{"start":{"line":1,"column":12797},"end":{"line":1,"column":12798}},"534":{"start":{"line":1,"column":12816},"end":{"line":1,"column":12819}},"535":{"start":{"line":1,"column":12822},"end":{"line":1,"column":12835}},"536":{"start":{"line":1,"column":12838},"end":{"line":1,"column":12850}},"537":{"start":{"line":1,"column":12851},"end":{"line":1,"column":13027}},"538":{"start":{"line":1,"column":12870},"end":{"line":1,"column":12986}},"539":{"start":{"line":1,"column":12884},"end":{"line":1,"column":12894}},"540":{"start":{"line":1,"column":12899},"end":{"line":1,"column":12986}},"541":{"start":{"line":1,"column":12904},"end":{"line":1,"column":12911}},"542":{"start":{"line":1,"column":12922},"end":{"line":1,"column":12923}},"543":{"start":{"line":1,"column":12924},"end":{"line":1,"column":12985}},"544":{"start":{"line":1,"column":12928},"end":{"line":1,"column":12944}},"545":{"start":{"line":1,"column":12954},"end":{"line":1,"column":12972}},"546":{"start":{"line":1,"column":12981},"end":{"line":1,"column":12984}},"547":{"start":{"line":1,"column":12992},"end":{"line":1,"column":12999}},"548":{"start":{"line":1,"column":13000},"end":{"line":1,"column":13026}},"549":{"start":{"line":1,"column":13013},"end":{"line":1,"column":13017}},"550":{"start":{"line":1,"column":13017},"end":{"line":1,"column":13025}},"551":{"start":{"line":1,"column":13033},"end":{"line":1,"column":13041}},"552":{"start":{"line":1,"column":13042},"end":{"line":1,"column":13094}},"553":{"start":{"line":1,"column":13075},"end":{"line":1,"column":13094}},"554":{"start":{"line":1,"column":13095},"end":{"line":1,"column":13103}},"555":{"start":{"line":1,"column":13125},"end":{"line":1,"column":13163}},"556":{"start":{"line":1,"column":13147},"end":{"line":1,"column":13163}},"557":{"start":{"line":1,"column":13163},"end":{"line":1,"column":13171}},"558":{"start":{"line":1,"column":13192},"end":{"line":1,"column":13195}},"559":{"start":{"line":1,"column":13198},"end":{"line":1,"column":13207}},"560":{"start":{"line":1,"column":13208},"end":{"line":1,"column":13463}},"561":{"start":{"line":1,"column":13225},"end":{"line":1,"column":13367}},"562":{"start":{"line":1,"column":13261},"end":{"line":1,"column":13267}},"563":{"start":{"line":1,"column":13268},"end":{"line":1,"column":13366}},"564":{"start":{"line":1,"column":13373},"end":{"line":1,"column":13463}},"565":{"start":{"line":1,"column":13418},"end":{"line":1,"column":13419}},"566":{"start":{"line":1,"column":13422},"end":{"line":1,"column":13430}},"567":{"start":{"line":1,"column":13431},"end":{"line":1,"column":13462}},"568":{"start":{"line":1,"column":13463},"end":{"line":1,"column":13519}},"569":{"start":{"line":1,"column":13529},"end":{"line":1,"column":13534}},"570":{"start":{"line":1,"column":13551},"end":{"line":1,"column":13563}},"571":{"start":{"line":1,"column":13573},"end":{"line":1,"column":13599}},"572":{"start":{"line":1,"column":13615},"end":{"line":1,"column":13636}},"573":{"start":{"line":1,"column":13646},"end":{"line":1,"column":13653}},"574":{"start":{"line":1,"column":13657},"end":{"line":1,"column":13664}},"575":{"start":{"line":1,"column":13680},"end":{"line":1,"column":13720}},"576":{"start":{"line":1,"column":13690},"end":{"line":1,"column":13691}},"577":{"start":{"line":1,"column":13707},"end":{"line":1,"column":13720}},"578":{"start":{"line":1,"column":13720},"end":{"line":1,"column":13740}},"579":{"start":{"line":1,"column":13736},"end":{"line":1,"column":13740}},"580":{"start":{"line":1,"column":13769},"end":{"line":1,"column":13773}},"581":{"start":{"line":1,"column":13776},"end":{"line":1,"column":13791}},"582":{"start":{"line":1,"column":13794},"end":{"line":1,"column":13800}},"583":{"start":{"line":1,"column":13803},"end":{"line":1,"column":13852}},"584":{"start":{"line":1,"column":13855},"end":{"line":1,"column":13869}},"585":{"start":{"line":1,"column":13872},"end":{"line":1,"column":13873}},"586":{"start":{"line":1,"column":13876},"end":{"line":1,"column":13884}},"587":{"start":{"line":1,"column":13885},"end":{"line":1,"column":14015}},"588":{"start":{"line":1,"column":13897},"end":{"line":1,"column":13909}},"589":{"start":{"line":1,"column":13910},"end":{"line":1,"column":13967}},"590":{"start":{"line":1,"column":13949},"end":{"line":1,"column":13960}},"591":{"start":{"line":1,"column":13960},"end":{"line":1,"column":13966}},"592":{"start":{"line":1,"column":13973},"end":{"line":1,"column":13985}},"593":{"start":{"line":1,"column":13986},"end":{"line":1,"column":14003}},"594":{"start":{"line":1,"column":13996},"end":{"line":1,"column":14003}},"595":{"start":{"line":1,"column":14003},"end":{"line":1,"column":14014}},"596":{"start":{"line":1,"column":14015},"end":{"line":1,"column":14521}},"597":{"start":{"line":1,"column":14042},"end":{"line":1,"column":14101}},"598":{"start":{"line":1,"column":14086},"end":{"line":1,"column":14097}},"599":{"start":{"line":1,"column":14107},"end":{"line":1,"column":14108}},"600":{"start":{"line":1,"column":14111},"end":{"line":1,"column":14112}},"601":{"start":{"line":1,"column":14113},"end":{"line":1,"column":14129}},"602":{"start":{"line":1,"column":14129},"end":{"line":1,"column":14520}},"603":{"start":{"line":1,"column":14133},"end":{"line":1,"column":14406}},"604":{"start":{"line":1,"column":14145},"end":{"line":1,"column":14147}},"605":{"start":{"line":1,"column":14165},"end":{"line":1,"column":14207}},"606":{"start":{"line":1,"column":14208},"end":{"line":1,"column":14361}},"607":{"start":{"line":1,"column":14218},"end":{"line":1,"column":14227}},"608":{"start":{"line":1,"column":14228},"end":{"line":1,"column":14332}},"609":{"start":{"line":1,"column":14268},"end":{"line":1,"column":14332}},"610":{"start":{"line":1,"column":14292},"end":{"line":1,"column":14293}},"611":{"start":{"line":1,"column":14294},"end":{"line":1,"column":14315}},"612":{"start":{"line":1,"column":14321},"end":{"line":1,"column":14332}},"613":{"start":{"line":1,"column":14343},"end":{"line":1,"column":14360}},"614":{"start":{"line":1,"column":14361},"end":{"line":1,"column":14402}},"615":{"start":{"line":1,"column":14396},"end":{"line":1,"column":14402}},"616":{"start":{"line":1,"column":14402},"end":{"line":1,"column":14405}},"617":{"start":{"line":1,"column":14406},"end":{"line":1,"column":14467}},"618":{"start":{"line":1,"column":14412},"end":{"line":1,"column":14459}},"619":{"start":{"line":1,"column":14428},"end":{"line":1,"column":14459}},"620":{"start":{"line":1,"column":14448},"end":{"line":1,"column":14456}},"621":{"start":{"line":1,"column":14459},"end":{"line":1,"column":14466}},"622":{"start":{"line":1,"column":14476},"end":{"line":1,"column":14519}},"623":{"start":{"line":1,"column":14543},"end":{"line":1,"column":14577}},"624":{"start":{"line":1,"column":14578},"end":{"line":1,"column":14608}},"625":{"start":{"line":1,"column":14632},"end":{"line":1,"column":14633}},"626":{"start":{"line":1,"column":14634},"end":{"line":1,"column":14687}},"627":{"start":{"line":1,"column":14711},"end":{"line":1,"column":14721}},"628":{"start":{"line":1,"column":14726},"end":{"line":1,"column":14746}},"629":{"start":{"line":1,"column":14747},"end":{"line":1,"column":14894}},"630":{"start":{"line":1,"column":14758},"end":{"line":1,"column":14783}},"631":{"start":{"line":1,"column":14763},"end":{"line":1,"column":14783}},"632":{"start":{"line":1,"column":14783},"end":{"line":1,"column":14823}},"633":{"start":{"line":1,"column":14829},"end":{"line":1,"column":14876}},"634":{"start":{"line":1,"column":14877},"end":{"line":1,"column":14893}},"635":{"start":{"line":1,"column":14912},"end":{"line":1,"column":14944}},"636":{"start":{"line":1,"column":14918},"end":{"line":1,"column":14937}},"637":{"start":{"line":1,"column":14937},"end":{"line":1,"column":14943}},"638":{"start":{"line":1,"column":14944},"end":{"line":1,"column":14965}},"639":{"start":{"line":1,"column":14989},"end":{"line":1,"column":15025}},"640":{"start":{"line":1,"column":15026},"end":{"line":1,"column":15086}},"641":{"start":{"line":1,"column":15104},"end":{"line":1,"column":15118}},"642":{"start":{"line":1,"column":15136},"end":{"line":1,"column":15161}},"643":{"start":{"line":1,"column":15169},"end":{"line":1,"column":15177}},"644":{"start":{"line":1,"column":15180},"end":{"line":1,"column":15181}},"645":{"start":{"line":1,"column":15184},"end":{"line":1,"column":15185}},"646":{"start":{"line":1,"column":15186},"end":{"line":1,"column":15481}},"647":{"start":{"line":1,"column":15190},"end":{"line":1,"column":15248}},"648":{"start":{"line":1,"column":15200},"end":{"line":1,"column":15205}},"649":{"start":{"line":1,"column":15240},"end":{"line":1,"column":15248}},"650":{"start":{"line":1,"column":15248},"end":{"line":1,"column":15263}},"651":{"start":{"line":1,"column":15254},"end":{"line":1,"column":15263}},"652":{"start":{"line":1,"column":15263},"end":{"line":1,"column":15280}},"653":{"start":{"line":1,"column":15288},"end":{"line":1,"column":15309}},"654":{"start":{"line":1,"column":15310},"end":{"line":1,"column":15365}},"655":{"start":{"line":1,"column":15351},"end":{"line":1,"column":15365}},"656":{"start":{"line":1,"column":15365},"end":{"line":1,"column":15380}},"657":{"start":{"line":1,"column":15390},"end":{"line":1,"column":15454}},"658":{"start":{"line":1,"column":15400},"end":{"line":1,"column":15454}},"659":{"start":{"line":1,"column":15454},"end":{"line":1,"column":15461}},"660":{"start":{"line":1,"column":15470},"end":{"line":1,"column":15480}},"661":{"start":{"line":1,"column":15490},"end":{"line":1,"column":15497}},"662":{"start":{"line":1,"column":15574},"end":{"line":1,"column":15579}},"663":{"start":{"line":1,"column":15585},"end":{"line":1,"column":15592}},"664":{"start":{"line":1,"column":15595},"end":{"line":1,"column":15808}},"665":{"start":{"line":1,"column":15599},"end":{"line":1,"column":15807}},"666":{"start":{"line":1,"column":15609},"end":{"line":1,"column":15610}},"667":{"start":{"line":1,"column":15633},"end":{"line":1,"column":15637}},"668":{"start":{"line":1,"column":15638},"end":{"line":1,"column":15806}},"669":{"start":{"line":1,"column":15652},"end":{"line":1,"column":15661}},"670":{"start":{"line":1,"column":15667},"end":{"line":1,"column":15672}},"671":{"start":{"line":1,"column":15673},"end":{"line":1,"column":15710}},"672":{"start":{"line":1,"column":15716},"end":{"line":1,"column":15724}},"673":{"start":{"line":1,"column":15725},"end":{"line":1,"column":15805}},"674":{"start":{"line":1,"column":15809},"end":{"line":1,"column":15829}},"675":{"start":{"line":1,"column":15835},"end":{"line":1,"column":15841}},"676":{"start":{"line":1,"column":15844},"end":{"line":1,"column":16200}},"677":{"start":{"line":1,"column":15858},"end":{"line":1,"column":15880}},"678":{"start":{"line":1,"column":15881},"end":{"line":1,"column":16198}},"679":{"start":{"line":1,"column":15896},"end":{"line":1,"column":15923}},"680":{"start":{"line":1,"column":15902},"end":{"line":1,"column":15909}},"681":{"start":{"line":1,"column":15915},"end":{"line":1,"column":15916}},"682":{"start":{"line":1,"column":15917},"end":{"line":1,"column":15922}},"683":{"start":{"line":1,"column":15923},"end":{"line":1,"column":15994}},"684":{"start":{"line":1,"column":16008},"end":{"line":1,"column":16135}},"685":{"start":{"line":1,"column":16024},"end":{"line":1,"column":16052}},"686":{"start":{"line":1,"column":16058},"end":{"line":1,"column":16066}},"687":{"start":{"line":1,"column":16067},"end":{"line":1,"column":16134}},"688":{"start":{"line":1,"column":16135},"end":{"line":1,"column":16197}},"689":{"start":{"line":1,"column":16201},"end":{"line":1,"column":16221}},"690":{"start":{"line":1,"column":16229},"end":{"line":1,"column":16240}},"691":{"start":{"line":1,"column":16266},"end":{"line":1,"column":16275}},"692":{"start":{"line":1,"column":16276},"end":{"line":1,"column":16322}},"693":{"start":{"line":1,"column":16340},"end":{"line":1,"column":16535}},"694":{"start":{"line":1,"column":16354},"end":{"line":1,"column":16369}},"695":{"start":{"line":1,"column":16372},"end":{"line":1,"column":16409}},"696":{"start":{"line":1,"column":16410},"end":{"line":1,"column":16533}},"697":{"start":{"line":1,"column":16451},"end":{"line":1,"column":16482}},"698":{"start":{"line":1,"column":16483},"end":{"line":1,"column":16532}},"699":{"start":{"line":1,"column":16545},"end":{"line":1,"column":16572}},"700":{"start":{"line":1,"column":16576},"end":{"line":1,"column":16593}},"701":{"start":{"line":1,"column":16621},"end":{"line":1,"column":16626}},"702":{"start":{"line":1,"column":16627},"end":{"line":1,"column":16663}},"703":{"start":{"line":1,"column":16633},"end":{"line":1,"column":16656}},"704":{"start":{"line":1,"column":16656},"end":{"line":1,"column":16662}},"705":{"start":{"line":1,"column":16663},"end":{"line":1,"column":16775}},"706":{"start":{"line":1,"column":16791},"end":{"line":1,"column":16887}},"707":{"start":{"line":1,"column":16895},"end":{"line":1,"column":16902}},"708":{"start":{"line":1,"column":16924},"end":{"line":1,"column":16942}},"709":{"start":{"line":1,"column":16943},"end":{"line":1,"column":16957}},"710":{"start":{"line":1,"column":16948},"end":{"line":1,"column":16957}},"711":{"start":{"line":1,"column":16957},"end":{"line":1,"column":16981}},"712":{"start":{"line":1,"column":16981},"end":{"line":1,"column":17074}},"713":{"start":{"line":1,"column":16993},"end":{"line":1,"column":16994}},"714":{"start":{"line":1,"column":16997},"end":{"line":1,"column":17014}},"715":{"start":{"line":1,"column":17023},"end":{"line":1,"column":17031}},"716":{"start":{"line":1,"column":17031},"end":{"line":1,"column":17066}},"717":{"start":{"line":1,"column":17046},"end":{"line":1,"column":17066}},"718":{"start":{"line":1,"column":17066},"end":{"line":1,"column":17073}},"719":{"start":{"line":1,"column":17074},"end":{"line":1,"column":17082}},"720":{"start":{"line":1,"column":17098},"end":{"line":1,"column":17114}},"721":{"start":{"line":1,"column":17147},"end":{"line":1,"column":17158}},"722":{"start":{"line":1,"column":17158},"end":{"line":1,"column":17169}},"723":{"start":{"line":1,"column":17181},"end":{"line":1,"column":17188}},"724":{"start":{"line":1,"column":17191},"end":{"line":1,"column":17231}},"725":{"start":{"line":1,"column":17205},"end":{"line":1,"column":17210}},"726":{"start":{"line":1,"column":17211},"end":{"line":1,"column":17230}},"727":{"start":{"line":1,"column":17240},"end":{"line":1,"column":17474}},"728":{"start":{"line":1,"column":17289},"end":{"line":1,"column":17330}},"729":{"start":{"line":1,"column":17341},"end":{"line":1,"column":17411}},"730":{"start":{"line":1,"column":17424},"end":{"line":1,"column":17471}},"731":{"start":{"line":1,"column":17475},"end":{"line":1,"column":17702}},"732":{"start":{"line":1,"column":17702},"end":{"line":1,"column":17856}},"733":{"start":{"line":1,"column":17740},"end":{"line":1,"column":17856}},"734":{"start":{"line":1,"column":17796},"end":{"line":1,"column":17815}},"735":{"start":{"line":1,"column":17824},"end":{"line":1,"column":17838}},"736":{"start":{"line":1,"column":17856},"end":{"line":1,"column":17933}},"737":{"start":{"line":1,"column":17875},"end":{"line":1,"column":17893}},"738":{"start":{"line":1,"column":17919},"end":{"line":1,"column":17932}},"739":{"start":{"line":1,"column":17942},"end":{"line":1,"column":17959}},"740":{"start":{"line":1,"column":17969},"end":{"line":1,"column":17999}},"741":{"start":{"line":1,"column":18007},"end":{"line":1,"column":18032}},"742":{"start":{"line":1,"column":18015},"end":{"line":1,"column":18032}},"743":{"start":{"line":1,"column":18033},"end":{"line":1,"column":18109}},"744":{"start":{"line":1,"column":18066},"end":{"line":1,"column":18108}},"745":{"start":{"line":1,"column":18102},"end":{"line":1,"column":18107}},"746":{"start":{"line":1,"column":18121},"end":{"line":1,"column":18141}},"747":{"start":{"line":1,"column":18143},"end":{"line":1,"column":18171}},"748":{"start":{"line":1,"column":18178},"end":{"line":1,"column":20319}},"749":{"start":{"line":1,"column":18259},"end":{"line":1,"column":18267}},"750":{"start":{"line":1,"column":18267},"end":{"line":1,"column":18284}},"751":{"start":{"line":1,"column":18284},"end":{"line":1,"column":18298}},"752":{"start":{"line":1,"column":18298},"end":{"line":1,"column":18312}},"753":{"start":{"line":1,"column":18312},"end":{"line":1,"column":18330}},"754":{"start":{"line":1,"column":18330},"end":{"line":1,"column":18347}},"755":{"start":{"line":1,"column":18347},"end":{"line":1,"column":18364}},"756":{"start":{"line":1,"column":18364},"end":{"line":1,"column":18383}},"757":{"start":{"line":1,"column":18383},"end":{"line":1,"column":18400}},"758":{"start":{"line":1,"column":18400},"end":{"line":1,"column":18424}},"759":{"start":{"line":1,"column":18424},"end":{"line":1,"column":18439}},"760":{"start":{"line":1,"column":18439},"end":{"line":1,"column":18499}},"761":{"start":{"line":1,"column":18524},"end":{"line":1,"column":18631}},"762":{"start":{"line":1,"column":18593},"end":{"line":1,"column":18610}},"763":{"start":{"line":1,"column":18611},"end":{"line":1,"column":18630}},"764":{"start":{"line":1,"column":18631},"end":{"line":1,"column":18660}},"765":{"start":{"line":1,"column":18688},"end":{"line":1,"column":18790}},"766":{"start":{"line":1,"column":18742},"end":{"line":1,"column":18759}},"767":{"start":{"line":1,"column":18760},"end":{"line":1,"column":18789}},"768":{"start":{"line":1,"column":18817},"end":{"line":1,"column":19907}},"769":{"start":{"line":1,"column":18850},"end":{"line":1,"column":18947}},"770":{"start":{"line":1,"column":18862},"end":{"line":1,"column":18946}},"771":{"start":{"line":1,"column":18881},"end":{"line":1,"column":18911}},"772":{"start":{"line":1,"column":18912},"end":{"line":1,"column":18945}},"773":{"start":{"line":1,"column":18954},"end":{"line":1,"column":18955}},"774":{"start":{"line":1,"column":18956},"end":{"line":1,"column":19011}},"775":{"start":{"line":1,"column":19004},"end":{"line":1,"column":19011}},"776":{"start":{"line":1,"column":19019},"end":{"line":1,"column":19021}},"777":{"start":{"line":1,"column":19024},"end":{"line":1,"column":19032}},"778":{"start":{"line":1,"column":19033},"end":{"line":1,"column":19149}},"779":{"start":{"line":1,"column":19057},"end":{"line":1,"column":19149}},"780":{"start":{"line":1,"column":19149},"end":{"line":1,"column":19271}},"781":{"start":{"line":1,"column":19189},"end":{"line":1,"column":19207}},"782":{"start":{"line":1,"column":19208},"end":{"line":1,"column":19270}},"783":{"start":{"line":1,"column":19271},"end":{"line":1,"column":19370}},"784":{"start":{"line":1,"column":19297},"end":{"line":1,"column":19370}},"785":{"start":{"line":1,"column":19370},"end":{"line":1,"column":19797}},"786":{"start":{"line":1,"column":19496},"end":{"line":1,"column":19794}},"787":{"start":{"line":1,"column":19510},"end":{"line":1,"column":19522}},"788":{"start":{"line":1,"column":19522},"end":{"line":1,"column":19781}},"789":{"start":{"line":1,"column":19551},"end":{"line":1,"column":19601}},"790":{"start":{"line":1,"column":19592},"end":{"line":1,"column":19601}},"791":{"start":{"line":1,"column":19601},"end":{"line":1,"column":19625}},"792":{"start":{"line":1,"column":19633},"end":{"line":1,"column":19675}},"793":{"start":{"line":1,"column":19676},"end":{"line":1,"column":19780}},"794":{"start":{"line":1,"column":19781},"end":{"line":1,"column":19792}},"795":{"start":{"line":1,"column":19797},"end":{"line":1,"column":19895}},"796":{"start":{"line":1,"column":19821},"end":{"line":1,"column":19895}},"797":{"start":{"line":1,"column":19857},"end":{"line":1,"column":19874}},"798":{"start":{"line":1,"column":19875},"end":{"line":1,"column":19894}},"799":{"start":{"line":1,"column":19895},"end":{"line":1,"column":19906}},"800":{"start":{"line":1,"column":19946},"end":{"line":1,"column":20059}},"801":{"start":{"line":1,"column":20083},"end":{"line":1,"column":20197}},"802":{"start":{"line":1,"column":20124},"end":{"line":1,"column":20195}},"803":{"start":{"line":1,"column":20207},"end":{"line":1,"column":20315}},"804":{"start":{"line":1,"column":20237},"end":{"line":1,"column":20311}},"805":{"start":{"line":1,"column":20354},"end":{"line":1,"column":20382}},"806":{"start":{"line":1,"column":20383},"end":{"line":1,"column":20452}},"807":{"start":{"line":1,"column":20443},"end":{"line":1,"column":20452}},"808":{"start":{"line":1,"column":20452},"end":{"line":1,"column":20759}},"809":{"start":{"line":1,"column":20473},"end":{"line":1,"column":20622}},"810":{"start":{"line":1,"column":20508},"end":{"line":1,"column":20546}},"811":{"start":{"line":1,"column":20560},"end":{"line":1,"column":20577}},"812":{"start":{"line":1,"column":20590},"end":{"line":1,"column":20605}},"813":{"start":{"line":1,"column":20613},"end":{"line":1,"column":20621}},"814":{"start":{"line":1,"column":20627},"end":{"line":1,"column":20759}},"815":{"start":{"line":1,"column":20662},"end":{"line":1,"column":20686}},"816":{"start":{"line":1,"column":20700},"end":{"line":1,"column":20709}},"817":{"start":{"line":1,"column":20722},"end":{"line":1,"column":20742}},"818":{"start":{"line":1,"column":20750},"end":{"line":1,"column":20758}},"819":{"start":{"line":1,"column":20783},"end":{"line":1,"column":20785}},"820":{"start":{"line":1,"column":20786},"end":{"line":1,"column":20845}},"821":{"start":{"line":1,"column":20818},"end":{"line":1,"column":20841}},"822":{"start":{"line":1,"column":20877},"end":{"line":1,"column":21022}},"823":{"start":{"line":1,"column":20908},"end":{"line":1,"column":20933}},"824":{"start":{"line":1,"column":20966},"end":{"line":1,"column":21020}},"825":{"start":{"line":1,"column":20986},"end":{"line":1,"column":21019}},"826":{"start":{"line":1,"column":21023},"end":{"line":1,"column":21354}},"827":{"start":{"line":1,"column":21048},"end":{"line":1,"column":21252}},"828":{"start":{"line":1,"column":21072},"end":{"line":1,"column":21126}},"829":{"start":{"line":1,"column":21141},"end":{"line":1,"column":21167}},"830":{"start":{"line":1,"column":21173},"end":{"line":1,"column":21181}},"831":{"start":{"line":1,"column":21182},"end":{"line":1,"column":21249}},"832":{"start":{"line":1,"column":21194},"end":{"line":1,"column":21223}},"833":{"start":{"line":1,"column":21224},"end":{"line":1,"column":21248}},"834":{"start":{"line":1,"column":21269},"end":{"line":1,"column":21338}},"835":{"start":{"line":1,"column":21299},"end":{"line":1,"column":21335}},"836":{"start":{"line":1,"column":21364},"end":{"line":1,"column":21367}},"837":{"start":{"line":1,"column":21375},"end":{"line":1,"column":21465}},"838":{"start":{"line":1,"column":21465},"end":{"line":1,"column":21470}},"839":{"start":{"line":1,"column":21479},"end":{"line":1,"column":23928}},"840":{"start":{"line":1,"column":23932},"end":{"line":1,"column":23943}},"841":{"start":{"line":1,"column":23947},"end":{"line":1,"column":23967}},"842":{"start":{"line":1,"column":23955},"end":{"line":1,"column":23966}},"843":{"start":{"line":1,"column":23975},"end":{"line":1,"column":23999}},"844":{"start":{"line":1,"column":24021},"end":{"line":1,"column":24025}},"845":{"start":{"line":1,"column":24032},"end":{"line":1,"column":24036}},"846":{"start":{"line":1,"column":24037},"end":{"line":1,"column":24054}},"847":{"start":{"line":1,"column":24060},"end":{"line":1,"column":24064}},"848":{"start":{"line":1,"column":24065},"end":{"line":1,"column":24114}},"849":{"start":{"line":1,"column":24077},"end":{"line":1,"column":24105}},"850":{"start":{"line":1,"column":24115},"end":{"line":1,"column":24129}},"851":{"start":{"line":1,"column":24129},"end":{"line":1,"column":24148}},"852":{"start":{"line":1,"column":24155},"end":{"line":1,"column":24732}},"853":{"start":{"line":1,"column":24742},"end":{"line":1,"column":25048}},"854":{"start":{"line":1,"column":25064},"end":{"line":1,"column":25073}},"855":{"start":{"line":1,"column":25079},"end":{"line":1,"column":25083}},"856":{"start":{"line":1,"column":25086},"end":{"line":1,"column":25090}},"857":{"start":{"line":1,"column":25093},"end":{"line":1,"column":25097}},"858":{"start":{"line":1,"column":25100},"end":{"line":1,"column":25104}},"859":{"start":{"line":1,"column":25105},"end":{"line":1,"column":25125}},"860":{"start":{"line":1,"column":25131},"end":{"line":1,"column":25138}},"861":{"start":{"line":1,"column":25141},"end":{"line":1,"column":25145}},"862":{"start":{"line":1,"column":25146},"end":{"line":1,"column":25171}},"863":{"start":{"line":1,"column":25177},"end":{"line":1,"column":25184}},"864":{"start":{"line":1,"column":25187},"end":{"line":1,"column":25191}},"865":{"start":{"line":1,"column":25192},"end":{"line":1,"column":25221}},"866":{"start":{"line":1,"column":25222},"end":{"line":1,"column":25241}},"867":{"start":{"line":1,"column":25241},"end":{"line":1,"column":null}}},"fnMap":{"0":{"name":"(anonymous_0)","decl":{"start":{"line":1,"column":36},"end":{"line":1,"column":37}},"loc":{"start":{"line":1,"column":39},"end":{"line":1,"column":59}}},"1":{"name":"(anonymous_1)","decl":{"start":{"line":1,"column":67},"end":{"line":1,"column":68}},"loc":{"start":{"line":1,"column":76},"end":{"line":1,"column":149}}},"2":{"name":"(anonymous_2)","decl":{"start":{"line":1,"column":156},"end":{"line":1,"column":157}},"loc":{"start":{"line":1,"column":165},"end":{"line":1,"column":198}}},"3":{"name":"(anonymous_3)","decl":{"start":{"line":1,"column":202},"end":{"line":1,"column":203}},"loc":{"start":{"line":1,"column":211},"end":{"line":1,"column":236}}},"4":{"name":"(anonymous_4)","decl":{"start":{"line":1,"column":243},"end":{"line":1,"column":244}},"loc":{"start":{"line":1,"column":253},"end":{"line":1,"column":307}}},"5":{"name":"(anonymous_5)","decl":{"start":{"line":1,"column":312},"end":{"line":1,"column":313}},"loc":{"start":{"line":1,"column":321},"end":{"line":1,"column":426}}},"6":{"name":"(anonymous_6)","decl":{"start":{"line":1,"column":430},"end":{"line":1,"column":431}},"loc":{"start":{"line":1,"column":442},"end":{"line":1,"column":501}}},"7":{"name":"(anonymous_7)","decl":{"start":{"line":1,"column":504},"end":{"line":1,"column":512}},"loc":{"start":{"line":1,"column":514},"end":{"line":1,"column":1209}}},"8":{"name":"(anonymous_8)","decl":{"start":{"line":1,"column":711},"end":{"line":1,"column":712}},"loc":{"start":{"line":1,"column":714},"end":{"line":1,"column":834}}},"9":{"name":"r","decl":{"start":{"line":1,"column":889},"end":{"line":1,"column":890}},"loc":{"start":{"line":1,"column":893},"end":{"line":1,"column":1142}}},"10":{"name":"n","decl":{"start":{"line":1,"column":1151},"end":{"line":1,"column":1152}},"loc":{"start":{"line":1,"column":1155},"end":{"line":1,"column":1208}}},"11":{"name":"ae","decl":{"start":{"line":1,"column":1493},"end":{"line":1,"column":1495}},"loc":{"start":{"line":1,"column":1498},"end":{"line":1,"column":1533}}},"12":{"name":"he","decl":{"start":{"line":1,"column":1727},"end":{"line":1,"column":1729}},"loc":{"start":{"line":1,"column":1732},"end":{"line":1,"column":1751}}},"13":{"name":"Je","decl":{"start":{"line":1,"column":1760},"end":{"line":1,"column":1762}},"loc":{"start":{"line":1,"column":1767},"end":{"line":1,"column":1843}}},"14":{"name":"Ze","decl":{"start":{"line":1,"column":1852},"end":{"line":1,"column":1854}},"loc":{"start":{"line":1,"column":1857},"end":{"line":1,"column":1878}}},"15":{"name":"ze","decl":{"start":{"line":1,"column":1887},"end":{"line":1,"column":1889}},"loc":{"start":{"line":1,"column":1891},"end":{"line":1,"column":1961}}},"16":{"name":"Qe","decl":{"start":{"line":1,"column":1970},"end":{"line":1,"column":1972}},"loc":{"start":{"line":1,"column":1974},"end":{"line":1,"column":2032}}},"17":{"name":"Xe","decl":{"start":{"line":1,"column":2041},"end":{"line":1,"column":2043}},"loc":{"start":{"line":1,"column":2045},"end":{"line":1,"column":2110}}},"18":{"name":"tr","decl":{"start":{"line":1,"column":2119},"end":{"line":1,"column":2121}},"loc":{"start":{"line":1,"column":2123},"end":{"line":1,"column":2186}}},"19":{"name":"er","decl":{"start":{"line":1,"column":2195},"end":{"line":1,"column":2197}},"loc":{"start":{"line":1,"column":2199},"end":{"line":1,"column":2262}}},"20":{"name":"nr","decl":{"start":{"line":1,"column":2287},"end":{"line":1,"column":2289}},"loc":{"start":{"line":1,"column":2291},"end":{"line":1,"column":2298}}},"21":{"name":"Qt","decl":{"start":{"line":1,"column":2394},"end":{"line":1,"column":2396}},"loc":{"start":{"line":1,"column":2399},"end":{"line":1,"column":2404}}},"22":{"name":"or","decl":{"start":{"line":1,"column":2413},"end":{"line":1,"column":2415}},"loc":{"start":{"line":1,"column":2425},"end":{"line":1,"column":2545}}},"23":{"name":"(anonymous_23)","decl":{"start":{"line":1,"column":2531},"end":{"line":1,"column":2532}},"loc":{"start":{"line":1,"column":2535},"end":{"line":1,"column":2543}}},"24":{"name":"ar","decl":{"start":{"line":1,"column":2554},"end":{"line":1,"column":2556}},"loc":{"start":{"line":1,"column":2559},"end":{"line":1,"column":2749}}},"25":{"name":"Nt","decl":{"start":{"line":1,"column":2758},"end":{"line":1,"column":2760}},"loc":{"start":{"line":1,"column":2762},"end":{"line":1,"column":2795}}},"26":{"name":"G","decl":{"start":{"line":1,"column":2804},"end":{"line":1,"column":2805}},"loc":{"start":{"line":1,"column":2808},"end":{"line":1,"column":4831}}},"27":{"name":"(anonymous_27)","decl":{"start":{"line":1,"column":2935},"end":{"line":1,"column":2936}},"loc":{"start":{"line":1,"column":2938},"end":{"line":1,"column":2976}}},"28":{"name":"(anonymous_28)","decl":{"start":{"line":1,"column":3028},"end":{"line":1,"column":3042}},"loc":{"start":{"line":1,"column":3049},"end":{"line":1,"column":3222}}},"29":{"name":"(anonymous_29)","decl":{"start":{"line":1,"column":3168},"end":{"line":1,"column":3169}},"loc":{"start":{"line":1,"column":3172},"end":{"line":1,"column":3182}}},"30":{"name":"(anonymous_30)","decl":{"start":{"line":1,"column":3202},"end":{"line":1,"column":3203}},"loc":{"start":{"line":1,"column":3206},"end":{"line":1,"column":3216}}},"31":{"name":"(anonymous_31)","decl":{"start":{"line":1,"column":3223},"end":{"line":1,"column":3237}},"loc":{"start":{"line":1,"column":3242},"end":{"line":1,"column":3431}}},"32":{"name":"(anonymous_32)","decl":{"start":{"line":1,"column":3291},"end":{"line":1,"column":3292}},"loc":{"start":{"line":1,"column":3295},"end":{"line":1,"column":3299}}},"33":{"name":"(anonymous_33)","decl":{"start":{"line":1,"column":3432},"end":{"line":1,"column":3435}},"loc":{"start":{"line":1,"column":3442},"end":{"line":1,"column":3651}}},"34":{"name":"(anonymous_34)","decl":{"start":{"line":1,"column":3548},"end":{"line":1,"column":3549}},"loc":{"start":{"line":1,"column":3552},"end":{"line":1,"column":3566}}},"35":{"name":"(anonymous_35)","decl":{"start":{"line":1,"column":3652},"end":{"line":1,"column":3676}},"loc":{"start":{"line":1,"column":3681},"end":{"line":1,"column":3922}}},"36":{"name":"(anonymous_36)","decl":{"start":{"line":1,"column":3923},"end":{"line":1,"column":3926}},"loc":{"start":{"line":1,"column":3931},"end":{"line":1,"column":4160}}},"37":{"name":"(anonymous_37)","decl":{"start":{"line":1,"column":4090},"end":{"line":1,"column":4091}},"loc":{"start":{"line":1,"column":4094},"end":{"line":1,"column":4108}}},"38":{"name":"(anonymous_38)","decl":{"start":{"line":1,"column":4161},"end":{"line":1,"column":4164}},"loc":{"start":{"line":1,"column":4173},"end":{"line":1,"column":4652}}},"39":{"name":"(anonymous_39)","decl":{"start":{"line":1,"column":4297},"end":{"line":1,"column":4298}},"loc":{"start":{"line":1,"column":4301},"end":{"line":1,"column":4305}}},"40":{"name":"(anonymous_40)","decl":{"start":{"line":1,"column":4376},"end":{"line":1,"column":4377}},"loc":{"start":{"line":1,"column":4380},"end":{"line":1,"column":4389}}},"41":{"name":"(anonymous_41)","decl":{"start":{"line":1,"column":4397},"end":{"line":1,"column":4398}},"loc":{"start":{"line":1,"column":4401},"end":{"line":1,"column":4405}}},"42":{"name":"(anonymous_42)","decl":{"start":{"line":1,"column":4437},"end":{"line":1,"column":4438}},"loc":{"start":{"line":1,"column":4441},"end":{"line":1,"column":4445}}},"43":{"name":"(anonymous_43)","decl":{"start":{"line":1,"column":4653},"end":{"line":1,"column":4660}},"loc":{"start":{"line":1,"column":4663},"end":{"line":1,"column":4805}}},"44":{"name":"(anonymous_44)","decl":{"start":{"line":1,"column":4701},"end":{"line":1,"column":4702}},"loc":{"start":{"line":1,"column":4704},"end":{"line":1,"column":4747}}},"45":{"name":"(anonymous_45)","decl":{"start":{"line":1,"column":4806},"end":{"line":1,"column":4820}},"loc":{"start":{"line":1,"column":4822},"end":{"line":1,"column":4828}}},"46":{"name":"Lt","decl":{"start":{"line":1,"column":4840},"end":{"line":1,"column":4842}},"loc":{"start":{"line":1,"column":4849},"end":{"line":1,"column":4861}}},"47":{"name":"fr","decl":{"start":{"line":1,"column":4870},"end":{"line":1,"column":4872}},"loc":{"start":{"line":1,"column":4875},"end":{"line":1,"column":5063}}},"48":{"name":"ve","decl":{"start":{"line":1,"column":5072},"end":{"line":1,"column":5074}},"loc":{"start":{"line":1,"column":5077},"end":{"line":1,"column":5159}}},"49":{"name":"cr","decl":{"start":{"line":1,"column":5168},"end":{"line":1,"column":5170}},"loc":{"start":{"line":1,"column":5173},"end":{"line":1,"column":5251}}},"50":{"name":"_e","decl":{"start":{"line":1,"column":5260},"end":{"line":1,"column":5262}},"loc":{"start":{"line":1,"column":5265},"end":{"line":1,"column":5325}}},"51":{"name":"de","decl":{"start":{"line":1,"column":5334},"end":{"line":1,"column":5336}},"loc":{"start":{"line":1,"column":5339},"end":{"line":1,"column":5428}}},"52":{"name":"Vt","decl":{"start":{"line":1,"column":5454},"end":{"line":1,"column":5456}},"loc":{"start":{"line":1,"column":5461},"end":{"line":1,"column":5522}}},"53":{"name":"P","decl":{"start":{"line":1,"column":5531},"end":{"line":1,"column":5532}},"loc":{"start":{"line":1,"column":5537},"end":{"line":1,"column":5567}}},"54":{"name":"hr","decl":{"start":{"line":1,"column":5576},"end":{"line":1,"column":5578}},"loc":{"start":{"line":1,"column":5586},"end":{"line":1,"column":5689}}},"55":{"name":"R","decl":{"start":{"line":1,"column":5698},"end":{"line":1,"column":5699}},"loc":{"start":{"line":1,"column":5709},"end":{"line":1,"column":5810}}},"56":{"name":"vr","decl":{"start":{"line":1,"column":5819},"end":{"line":1,"column":5821}},"loc":{"start":{"line":1,"column":5826},"end":{"line":1,"column":6044}}},"57":{"name":"$e","decl":{"start":{"line":1,"column":6053},"end":{"line":1,"column":6055}},"loc":{"start":{"line":1,"column":6060},"end":{"line":1,"column":6222}}},"58":{"name":"Bt","decl":{"start":{"line":1,"column":6231},"end":{"line":1,"column":6233}},"loc":{"start":{"line":1,"column":6236},"end":{"line":1,"column":6293}}},"59":{"name":"at","decl":{"start":{"line":1,"column":6311},"end":{"line":1,"column":6313}},"loc":{"start":{"line":1,"column":6316},"end":{"line":1,"column":6321}}},"60":{"name":"Q","decl":{"start":{"line":1,"column":6336},"end":{"line":1,"column":6337}},"loc":{"start":{"line":1,"column":6340},"end":{"line":1,"column":6378}}},"61":{"name":"ge","decl":{"start":{"line":1,"column":6387},"end":{"line":1,"column":6389}},"loc":{"start":{"line":1,"column":6391},"end":{"line":1,"column":6408}}},"62":{"name":"J","decl":{"start":{"line":1,"column":6417},"end":{"line":1,"column":6418}},"loc":{"start":{"line":1,"column":6421},"end":{"line":1,"column":6463}}},"63":{"name":"_r","decl":{"start":{"line":1,"column":6472},"end":{"line":1,"column":6474}},"loc":{"start":{"line":1,"column":6479},"end":{"line":1,"column":6520}}},"64":{"name":"Dt","decl":{"start":{"line":1,"column":6545},"end":{"line":1,"column":6547}},"loc":{"start":{"line":1,"column":6549},"end":{"line":1,"column":6844}}},"65":{"name":"Ht","decl":{"start":{"line":1,"column":6853},"end":{"line":1,"column":6855}},"loc":{"start":{"line":1,"column":6861},"end":{"line":1,"column":6896}}},"66":{"name":"pt","decl":{"start":{"line":1,"column":6905},"end":{"line":1,"column":6907}},"loc":{"start":{"line":1,"column":6910},"end":{"line":1,"column":6929}}},"67":{"name":"tt","decl":{"start":{"line":1,"column":6938},"end":{"line":1,"column":6940}},"loc":{"start":{"line":1,"column":6943},"end":{"line":1,"column":6962}}},"68":{"name":"Z","decl":{"start":{"line":1,"column":6971},"end":{"line":1,"column":6972}},"loc":{"start":{"line":1,"column":6977},"end":{"line":1,"column":7057}}},"69":{"name":"te","decl":{"start":{"line":1,"column":7066},"end":{"line":1,"column":7068}},"loc":{"start":{"line":1,"column":7080},"end":{"line":1,"column":7260}}},"70":{"name":"dr","decl":{"start":{"line":1,"column":7269},"end":{"line":1,"column":7271}},"loc":{"start":{"line":1,"column":7274},"end":{"line":1,"column":7292}}},"71":{"name":"$r","decl":{"start":{"line":1,"column":7301},"end":{"line":1,"column":7303}},"loc":{"start":{"line":1,"column":7308},"end":{"line":1,"column":7377}}},"72":{"name":"K","decl":{"start":{"line":1,"column":7386},"end":{"line":1,"column":7387}},"loc":{"start":{"line":1,"column":7399},"end":{"line":1,"column":7828}}},"73":{"name":"gr","decl":{"start":{"line":1,"column":7837},"end":{"line":1,"column":7839}},"loc":{"start":{"line":1,"column":7842},"end":{"line":1,"column":7894}}},"74":{"name":"pr","decl":{"start":{"line":1,"column":7903},"end":{"line":1,"column":7905}},"loc":{"start":{"line":1,"column":7908},"end":{"line":1,"column":7944}}},"75":{"name":"(anonymous_75)","decl":{"start":{"line":1,"column":7933},"end":{"line":1,"column":7934}},"loc":{"start":{"line":1,"column":7937},"end":{"line":1,"column":7943}}},"76":{"name":"mr","decl":{"start":{"line":1,"column":7953},"end":{"line":1,"column":7955}},"loc":{"start":{"line":1,"column":7958},"end":{"line":1,"column":8061}}},"77":{"name":"(anonymous_77)","decl":{"start":{"line":1,"column":7983},"end":{"line":1,"column":7984}},"loc":{"start":{"line":1,"column":7991},"end":{"line":1,"column":8060}}},"78":{"name":"(anonymous_78)","decl":{"start":{"line":1,"column":8003},"end":{"line":1,"column":8004}},"loc":{"start":{"line":1,"column":8006},"end":{"line":1,"column":8059}}},"79":{"name":"(anonymous_79)","decl":{"start":{"line":1,"column":8020},"end":{"line":1,"column":8021}},"loc":{"start":{"line":1,"column":8024},"end":{"line":1,"column":8040}}},"80":{"name":"wr","decl":{"start":{"line":1,"column":8070},"end":{"line":1,"column":8072}},"loc":{"start":{"line":1,"column":8075},"end":{"line":1,"column":8094}}},"81":{"name":"yr","decl":{"start":{"line":1,"column":8103},"end":{"line":1,"column":8105}},"loc":{"start":{"line":1,"column":8108},"end":{"line":1,"column":8127}}},"82":{"name":"Er","decl":{"start":{"line":1,"column":8136},"end":{"line":1,"column":8138}},"loc":{"start":{"line":1,"column":8151},"end":{"line":1,"column":8199}}},"83":{"name":"(anonymous_83)","decl":{"start":{"line":1,"column":8179},"end":{"line":1,"column":8180}},"loc":{"start":{"line":1,"column":8183},"end":{"line":1,"column":8197}}},"84":{"name":"br","decl":{"start":{"line":1,"column":8208},"end":{"line":1,"column":8210}},"loc":{"start":{"line":1,"column":8217},"end":{"line":1,"column":8241}}},"85":{"name":"xr","decl":{"start":{"line":1,"column":8250},"end":{"line":1,"column":8252}},"loc":{"start":{"line":1,"column":8260},"end":{"line":1,"column":8283}}},"86":{"name":"ye","decl":{"start":{"line":1,"column":8292},"end":{"line":1,"column":8294}},"loc":{"start":{"line":1,"column":8297},"end":{"line":1,"column":8396}}},"87":{"name":"Ee","decl":{"start":{"line":1,"column":8405},"end":{"line":1,"column":8407}},"loc":{"start":{"line":1,"column":8415},"end":{"line":1,"column":8516}}},"88":{"name":"Tr","decl":{"start":{"line":1,"column":8525},"end":{"line":1,"column":8527}},"loc":{"start":{"line":1,"column":8530},"end":{"line":1,"column":8596}}},"89":{"name":"q","decl":{"start":{"line":1,"column":8605},"end":{"line":1,"column":8606}},"loc":{"start":{"line":1,"column":8614},"end":{"line":1,"column":8915}}},"90":{"name":"Nr","decl":{"start":{"line":1,"column":8924},"end":{"line":1,"column":8926}},"loc":{"start":{"line":1,"column":8931},"end":{"line":1,"column":8987}}},"91":{"name":"be","decl":{"start":{"line":1,"column":8996},"end":{"line":1,"column":8998}},"loc":{"start":{"line":1,"column":9001},"end":{"line":1,"column":9137}}},"92":{"name":"Or","decl":{"start":{"line":1,"column":9146},"end":{"line":1,"column":9148}},"loc":{"start":{"line":1,"column":9153},"end":{"line":1,"column":9198}}},"93":{"name":"(anonymous_93)","decl":{"start":{"line":1,"column":9179},"end":{"line":1,"column":9180}},"loc":{"start":{"line":1,"column":9183},"end":{"line":1,"column":9196}}},"94":{"name":"Sr","decl":{"start":{"line":1,"column":9207},"end":{"line":1,"column":9209}},"loc":{"start":{"line":1,"column":9214},"end":{"line":1,"column":9290}}},"95":{"name":"(anonymous_95)","decl":{"start":{"line":1,"column":9244},"end":{"line":
[...]
start":{"line":52,"column":20},"end":{"line":52,"column":27}},"23":{"start":{"line":55,"column":25},"end":{"line":55,"column":null}},"24":{"start":{"line":56,"column":24},"end":{"line":56,"column":null}},"25":{"start":{"line":53,"column":50},"end":{"line":53,"column":null}},"26":{"start":{"line":51,"column":15},"end":{"line":51,"column":null}},"27":{"start":{"line":51,"column":31},"end":{"line":51,"column":null}},"28":{"start":{"line":44,"column":19},"end":{"line":44,"column":null}},"29":{"start":{"line":45,"column":25},"end":{"line":45,"column":null}},"30":{"start":{"line":46,"column":35},"end":{"line":46,"column":null}},"31":{"start":{"line":47,"column":20},"end":{"line":47,"column":null}},"32":{"start":{"line":62,"column":13},"end":{"line":62,"column":null}},"33":{"start":{"line":70,"column":11},"end":{"line":70,"column":37}},"34":{"start":{"line":70,"column":40},"end":{"line":70,"column":null}},"35":{"start":{"line":73,"column":24},"end":{"line":73,"column":null}},"36":{"start":{"line":75,"column":32},"end":{"line":75,"column":null}},"37":{"start":{"line":78,"column":11},"end":{"line":78,"column":null}},"38":{"start":{"line":71,"column":11},"end":{"line":71,"column":null}},"39":{"start":{"line":71,"column":32},"end":{"line":71,"column":null}},"40":{"start":{"line":33,"column":54},"end":{"line":33,"column":null}}},"fnMap":{"0":{"name":"(anonymous_1)","decl":{"start":{"line":8,"column":9},"end":{"line":8,"column":null}},"loc":{"start":{"line":8,"column":9},"end":{"line":8,"column":null}}},"1":{"name":"(anonymous_2)","decl":{"start":{"line":10,"column":9},"end":{"line":10,"column":null}},"loc":{"start":{"line":10,"column":9},"end":{"line":10,"column":null}}},"2":{"name":"(anonymous_3)","decl":{"start":{"line":14,"column":19},"end":{"line":14,"column":23}},"loc":{"start":{"line":14,"column":31},"end":{"line":16,"column":3}}},"3":{"name":"(anonymous_4)","decl":{"start":{"line":14,"column":31},"end":{"line":14,"column":37}},"loc":{"start":{"line":14,"column":47},"end":{"line":16,"column":3}}},"4":{"name":"(anonymous_5)","decl":{"start":{"line":18,"column":21},"end":{"line":18,"column":25}},"loc":{"start":{"line":18,"column":33},"end":{"line":23,"column":3}}},"5":{"name":"(anonymous_6)","decl":{"start":{"line":18,"column":33},"end":{"line":18,"column":39}},"loc":{"start":{"line":18,"column":49},"end":{"line":23,"column":3}}},"6":{"name":"(anonymous_7)","decl":{"start":{"line":26,"column":21},"end":{"line":26,"column":25}},"loc":{"start":{"line":26,"column":35},"end":{"line":29,"column":3}}},"7":{"name":"(anonymous_8)","decl":{"start":{"line":34,"column":11},"end":{"line":34,"column":17}},"loc":{"start":{"line":34,"column":11},"end":{"line":34,"column":37}}},"8":{"name":"(anonymous_10)","decl":{"start":{"line":34,"column":40},"end":{"line":34,"column":null}},"loc":{"start":{"line":34,"column":40},"end":{"line":34,"column":null}}},"9":{"name":"(anonymous_11)","decl":{"start":{"line":48,"column":19},"end":{"line":48,"column":30}},"loc":{"start":{"line":48,"column":19},"end":{"line":48,"column":null}}},"10":{"name":"(anonymous_14)","decl":{"start":{"line":49,"column":21},"end":{"line":49,"column":34}},"loc":{"start":{"line":49,"column":21},"end":{"line":49,"column":null}}},"11":{"name":"(anonymous_18)","decl":{"start":{"line":52,"column":24},"end":{"line":52,"column":27}},"loc":{"start":{"line":52,"column":27},"end":{"line":52,"column":null}}},"12":{"name":"(anonymous_19)","decl":{"start":{"line":55,"column":25},"end":{"line":55,"column":29}},"loc":{"start":{"line":55,"column":25},"end":{"line":55,"column":null}}},"13":{"name":"(anonymous_22)","decl":{"start":{"line":53,"column":50},"end":{"line":53,"column":58}},"loc":{"start":{"line":53,"column":50},"end":{"line":53,"column":null}}},"14":{"name":"(anonymous_27)","decl":{"start":{"line":62,"column":13},"end":{"line":62,"column":17}},"loc":{"start":{"line":62,"column":13},"end":{"line":62,"column":null}}},"15":{"name":"(anonymous_28)","decl":{"start":{"line":70,"column":11},"end":{"line":70,"column":17}},"loc":{"start":{"line":70,"column":11},"end":{"line":70,"column":37}}},"16":{"name":"(anonymous_30)","decl":{"start":{"line":70,"column":40},"end":{"line":70,"column":null}},"loc":{"start":{"line":70,"column":40},"end":{"line":70,"column":null}}},"17":{"name":"(anonymous_33)","decl":{"start":{"line":78,"column":11},"end":{"line":78,"column":15}},"loc":{"start":{"line":78,"column":11},"end":{"line":78,"column":null}}}},"branchMap":{"0":{"loc":{"start":{"line":19,"column":8},"end":{"line":22,"column":null}},"type":"if","locations":[{"start":{"line":19,"column":8},"end":{"line":22,"column":null}},{"start":{},"end":{}}]},"1":{"loc":{"start":{"line":19,"column":8},"end":{"line":19,"column":52}},"type":"binary-expr","locations":[{"start":{"line":19,"column":8},"end":{"line":19,"column":33}},{"start":{"line":19,"column":29},"end":{"line":19,"column":52}}]},"2":{"loc":{"start":{"line":28,"column":11},"end":{"line":28,"column":29}},"type":"binary-expr","locations":[{"start":{"line":28,"column":11},"end":{"line":28,"column":25}},{"start":{"line":28,"column":25},"end":{"line":28,"column":29}}]},"3":{"loc":{"start":{"line":53,"column":50},"end":{"line":53,"column":null}},"type":"binary-expr","locations":[{"start":{"line":53,"column":50},"end":{"line":53,"column":null}},{"start":{"line":53,"column":58},"end":{"line":53,"column":null}}]},"4":{"loc":{"start":{"line":51,"column":15},"end":{"line":51,"column":null}},"type":"if","locations":[{"start":{"line":51,"column":15},"end":{"line":51,"column":null}},{"start":{},"end":{}}]},"5":{"loc":{"start":{"line":44,"column":19},"end":{"line":44,"column":null}},"type":"binary-expr","locations":[{"start":{"line":44,"column":19},"end":{"line":44,"column":null}},{"start":{"line":44,"column":21},"end":{"line":44,"column":null}}]},"6":{"loc":{"start":{"line":46,"column":35},"end":{"line":46,"column":null}},"type":"binary-expr","locations":[{"start":{"line":46,"column":35},"end":{"line":46,"column":null}},{"start":{"line":46,"column":37},"end":{"line":46,"column":null}}]},"7":{"loc":{"start":{"line":47,"column":20},"end":{"line":47,"column":50}},"type":"cond-expr","locations":[{"start":{"line":47,"column":44},"end":{"line":47,"column":45}},{"start":{"line":47,"column":45},"end":{"line":47,"column":50}}]},"8":{"loc":{"start":{"line":73,"column":24},"end":{"line":73,"column":null}},"type":"binary-expr","locations":[{"start":{"line":73,"column":24},"end":{"line":73,"column":null}},{"start":{"line":73,"column":26},"end":{"line":73,"column":null}}]},"9":{"loc":{"start":{"line":75,"column":32},"end":{"line":75,"column":null}},"type":"binary-expr","locations":[{"start":{"line":75,"column":32},"end":{"line":75,"column":null}},{"start":{"line":75,"column":34},"end":{"line":75,"column":null}}]},"10":{"loc":{"start":{"line":71,"column":11},"end":{"line":71,"column":null}},"type":"if","locations":[{"start":{"line":71,"column":11},"end":{"line":71,"column":null}},{"start":{},"end":{}}]},"11":{"loc":{"start":{"line":33,"column":54},"end":{"line":33,"column":90}},"type":"cond-expr","locations":[{"start":{"line":33,"column":65},"end":{"line":33,"column":75}},{"start":{"line":33,"column":78},"end":{"line":33,"column":90}}]},"12":{"loc":{"start":{"line":7,"column":31},"end":{"line":7,"column":34}},"type":"default-arg","locations":[{"start":{"line":7,"column":31},"end":{"line":7,"column":34}}]},"13":{"loc":{"start":{"line":9,"column":15},"end":{"line":9,"column":20}},"type":"default-arg","locations":[{"start":{"line":9,"column":15},"end":{"line":9,"column":20}}]},"14":{"loc":{"start":{"line":11,"column":15},"end":{"line":11,"column":19}},"type":"default-arg","locations":[{"start":{"line":11,"column":15},"end":{"line":11,"column":19}}]}},"s":{"0":7,"1":7,"2":7,"3":9,"4":7,"5":7,"6":0,"7":0,"8":7,"9":0,"10":0,"11":0,"12":0,"13":7,"14":58,"15":58,"16":7,"17":338,"18":35,"19":35,"20":23,"21":23,"22":23,"23":46,"24":0,"25":46,"26":35,"27":23,"28":35,"29":35,"30":35,"31":35,"32":35,"33":7,"34":126,"35":7,"36":7,"37":7,"38":35,"39":7,"40":7},"f":{"0":0,"1":2,"2":0,"3":0,"4":0,"5":0,"6":58,"7":7,"8":303,"9":0,"10":0,"11":23,"12":23,"13":23,"14":35,"15":7,"16":91,"17":7},"b":{"0":[0,0],"1":[0,0],"2":[58,12],"3":[23,0],"4":[23,12],"5":[35,0],"6":[35,0],"7":[7,28],"8":[7,0],"9":[7,0],"10":[7,28],"11":[2,5],"12":[0],"13":[0],"14":[0]}}
,"/Users/lenin.uzcategui/svelte/garnet-UI/garnetui/src/lib/components/G-Tooltip/Tooltip.stories.js": {"path":"/Users/lenin.uzcategui/svelte/garnet-UI/garnetui/src/lib/components/G-Tooltip/Tooltip.stories.js","statementMap":{"0":{"start":{"line":4,"column":0},"end":{"line":84,"column":null}},"1":{"start":{"line":87,"column":23},"end":{"line":100,"column":1}},"2":{"start":{"line":88,"column":21},"end":{"line":91,"column":3}},"3":{"start":{"line":102,"column":26},"end":{"line":113,"column":1}},"4":{"start":{"line":103,"column":21},"end":{"line":106,"column":3}},"5":{"start":{"line":115,"column":27},"end":{"line":125,"column":1}},"6":{"start":{"line":116,"column":21},"end":{"line":119,"column":3}},"7":{"start":{"line":127,"column":28},"end":{"line":138,"column":1}},"8":{"start":{"line":128,"column":21},"end":{"line":131,"column":3}},"9":{"start":{"line":138,"column":2},"end":{"line":138,"column":null}},"10":{"start":{"line":87,"column":0},"end":{"line":87,"column":13}},"11":{"start":{"line":102,"column":0},"end":{"line":102,"column":13}},"12":{"start":{"line":115,"column":0},"end":{"line":115,"column":13}},"13":{"start":{"line":127,"column":0},"end":{"line":127,"column":13}}},"fnMap":{"0":{"name":"(anonymous_0)","decl":{"start":{"line":88,"column":11},"end":{"line":88,"column":15}},"loc":{"start":{"line":88,"column":21},"end":{"line":91,"column":3}}},"1":{"name":"(anonymous_1)","decl":{"start":{"line":103,"column":11},"end":{"line":103,"column":15}},"loc":{"start":{"line":103,"column":21},"end":{"line":106,"column":3}}},"2":{"name":"(anonymous_2)","decl":{"start":{"line":116,"column":11},"end":{"line":116,"column":15}},"loc":{"start":{"line":116,"column":21},"end":{"line":119,"column":3}}},"3":{"name":"(anonymous_3)","decl":{"start":{"line":128,"column":11},"end":{"line":128,"column":15}},"loc":{"start":{"line":128,"column":21},"end":{"line":131,"column":3}}}},"branchMap":{"0":{"loc":{"start":{"line":138,"column":2},"end":{"line":138,"column":null}},"type":"binary-expr","locations":[{"start":{"line":138,"column":2},"end":{"line":138,"column":null}},{"start":{"line":138,"column":2},"end":{"line":138,"column":null}}]},"1":{"loc":{"start":{"line":138,"column":2},"end":{"line":138,"column":null}},"type":"if","locations":[{"start":{"line":138,"column":2},"end":{"line":138,"column":null}},{"start":{},"end":{}}]}},"s":{"0":1,"1":1,"2":1,"3":1,"4":1,"5":1,"6":1,"7":1,"8":1,"9":2,"10":1,"11":1,"12":1,"13":1},"f":{"0":1,"1":1,"2":1,"3":1},"b":{"0":[1,0],"1":[1,0]}}
,"/Users/lenin.uzcategui/svelte/garnet-UI/garnetui/src/lib/components/G-Tooltip/Tooltip.svelte": {"path":"/Users/lenin.uzcategui/svelte/garnet-UI/garnetui/src/lib/components/G-Tooltip/Tooltip.svelte","statementMap":{"0":{"start":{"line":22,"column":8},"end":{"line":25,"column":null}},"1":{"start":{"line":23,"column":6},"end":{"line":23,"column":null}},"2":{"start":{"line":24,"column":6},"end":{"line":24,"column":null}},"3":{"start":{"line":52,"column":4},"end":{"line":52,"column":null}},"4":{"start":{"line":6,"column":15},"end":{"line":6,"column":null}},"5":{"start":{"line":7,"column":18},"end":{"line":7,"column":null}},"6":{"start":{"line":8,"column":16},"end":{"line":8,"column":null}},"7":{"start":{"line":9,"column":23},"end":{"line":9,"column":null}},"8":{"start":{"line":10,"column":28},"end":{"line":10,"column":null}},"9":{"start":{"line":11,"column":20},"end":{"line":11,"column":null}},"10":{"start":{"line":12,"column":21},"end":{"line":12,"column":null}},"11":{"start":{"line":13,"column":21},"end":{"line":13,"column":null}},"12":{"start":{"line":15,"column":12},"end":{"line":15,"column":null}},"13":{"start":{"line":16,"column":21},"end":{"line":16,"column":25}},"14":{"start":{"line":17,"column":21},"end":{"line":17,"column":25}},"15":{"start":{"line":19,"column":15},"end":{"line":19,"column":null}},"16":{"start":{"line":30,"column":6},"end":{"line":30,"column":null}},"17":{"start":{"line":35,"column":8},"end":{"line":38,"column":null}},"18":{"start":{"line":36,"column":6},"end":{"line":36,"column":null}},"19":{"start":{"line":37,"column":6},"end":{"line":37,"column":null}},"20":{"start":{"line":40,"column":6},"end":{"line":40,"column":null}},"21":{"start":{"line":45,"column":8},"end":{"line":48,"column":null}},"22":{"start":{"line":46,"column":6},"end":{"line":46,"column":null}},"23":{"start":{"line":47,"column":6},"end":{"line":47,"column":null}},"24":{"start":{"line":56,"column":8},"end":{"line":63,"column":null}},"25":{"start":{"line":57,"column":29},"end":{"line":57,"column":null}},"26":{"start":{"line":58,"column":29},"end":{"line":58,"column":null}},"27":{"start":{"line":60,"column":10},"end":{"line":62,"column":null}},"28":{"start":{"line":61,"column":8},"end":{"line":61,"column":null}},"29":{"start":{"line":67,"column":8},"end":{"line":73,"column":null}},"30":{"start":{"line":69,"column":8},"end":{"line":69,"column":null}},"31":{"start":{"line":72,"column":6},"end":{"line":72,"column":null}},"32":{"start":{"line":80,"column":24},"end":{"line":80,"column":null}},"33":{"start":{"line":85,"column":15},"end":{"line":85,"column":null}},"34":{"start":{"line":86,"column":17},"end":{"line":86,"column":null}},"35":{"start":{"line":97,"column":10},"end":{"line":97,"column":null}},"36":{"start":{"line":111,"column":19},"end":{"line":111,"column":null}},"37":{"start":{"line":113,"column":13},"end":{"line":113,"column":null}},"38":{"start":{"line":110,"column":15},"end":{"line":110,"column":null}},"39":{"start":{"line":110,"column":23},"end":{"line":110,"column":null}},"40":{"start":{"line":107,"column":24},"end":{"line":107,"column":null}},"41":{"start":{"line":108,"column":24},"end":{"line":108,"column":null}},"42":{"start":{"line":105,"column":29},"end":{"line":105,"column":null}},"43":{"start":{"line":105,"column":29},"end":{"line":105,"column":37}},"44":{"start":{"line":102,"column":11},"end":{"line":102,"column":null}},"45":{"start":{"line":102,"column":17},"end":{"line":102,"column":null}},"46":{"start":{"line":83,"column":21},"end":{"line":83,"column":null}},"47":{"start":{"line":84,"column":18},"end":{"line":84,"column":null}},"48":{"start":{"line":92,"column":7},"end":{"line":92,"column":null}},"49":{"start":{"line":96,"column":20},"end":{"line":96,"column":null}},"50":{"start":{"line":99,"column":18},"end":{"line":99,"column":null}},"51":{"start":{"line":100,"column":34},"end":{"line":100,"column":null}},"52":{"start":{"line":87,"column":20},"end":{"line":87,"column":null}},"53":{"start":{"line":88,"column":20},"end":{"line":88,"column":null}},"54":{"start":{"line":89,"column":15},"end":{"line":89,"column":null}},"55":{"start":{"line":90,"column":14},"end":{"line":90,"column":null}}},"fnMap":{"0":{"name":"handleKeydown","decl":{"start":{"line":21,"column":11},"end":{"line":21,"column":24}},"loc":{"start":{"line":21,"column":32},"end":{"line":26,"column":null}}},"1":{"name":"toggleTooltip","decl":{"start":{"line":51,"column":11},"end":{"line":51,"column":24}},"loc":{"start":{"line":51,"column":27},"end":{"line":53,"column":null}}},"2":{"name":"handleMouseEnter","decl":{"start":{"line":28,"column":11},"end":{"line":28,"column":27}},"loc":{"start":{"line":28,"column":30},"end":{"line":32,"column":null}}},"3":{"name":"(anonymous_4)","decl":{"start":{"line":29,"column":36},"end":{"line":29,"column":null}},"loc":{"start":{"line":29,"column":36},"end":{"line":31,"column":5}}},"4":{"name":"handleMouseLeave","decl":{"start":{"line":34,"column":11},"end":{"line":34,"column":27}},"loc":{"start":{"line":34,"column":30},"end":{"line":42,"column":null}}},"5":{"name":"(anonymous_6)","decl":{"start":{"line":39,"column":36},"end":{"line":39,"column":null}},"loc":{"start":{"line":39,"column":36},"end":{"line":41,"column":5}}},"6":{"name":"handleInteraction","decl":{"start":{"line":44,"column":11},"end":{"line":44,"column":28}},"loc":{"start":{"line":44,"column":31},"end":{"line":49,"column":null}}},"7":{"name":"handleClickOutside","decl":{"start":{"line":55,"column":11},"end":{"line":55,"column":29}},"loc":{"start":{"line":55,"column":37},"end":{"line":64,"column":null}}},"8":{"name":"(anonymous_11)","decl":{"start":{"line":68,"column":23},"end":{"line":68,"column":null}},"loc":{"start":{"line":68,"column":23},"end":{"line":70,"column":7}}},"9":{"name":"(anonymous_15)","decl":{"start":{"line":113,"column":13},"end":{"line":113,"column":16}},"loc":{"start":{"line":113,"column":13},"end":{"line":113,"column":null}}},"10":{"name":"(anonymous_17)","decl":{"start":{"line":105,"column":29},"end":{"line":105,"column":37}},"loc":{"start":{"line":105,"column":29},"end":{"line":105,"column":37}}}},"branchMap":{"0":{"loc":{"start":{"line":22,"column":8},"end":{"line":25,"column":null}},"type":"if","locations":[{"start":{"line":22,"column":8},"end":{"line":25,"column":null}},{"start":{},"end":{}}]},"1":{"loc":{"start":{"line":19,"column":21},"end":{"line":19,"column":null}},"type":"binary-expr","locations":[{"start":{"line":19,"column":21},"end":{"line":19,"column":38}},{"start":{"line":19,"column":23},"end":{"line":19,"column":null}}]},"2":{"loc":{"start":{"line":35,"column":8},"end":{"line":38,"column":null}},"type":"if","locations":[{"start":{"line":35,"column":8},"end":{"line":38,"column":null}},{"start":{},"end":{}}]},"3":{"loc":{"start":{"line":45,"column":8},"end":{"line":48,"column":null}},"type":"if","locations":[{"start":{"line":45,"column":8},"end":{"line":48,"column":null}},{"start":{},"end":{}}]},"4":{"loc":{"start":{"line":56,"column":8},"end":{"line":63,"column":null}},"type":"if","locations":[{"start":{"line":56,"column":8},"end":{"line":63,"column":null}},{"start":{},"end":{}}]},"5":{"loc":{"start":{"line":60,"column":10},"end":{"line":62,"column":null}},"type":"if","locations":[{"start":{"line":60,"column":10},"end":{"line":62,"column":null}},{"start":{},"end":{}}]},"6":{"loc":{"start":{"line":60,"column":10},"end":{"line":60,"column":128}},"type":"binary-expr","locations":[{"start":{"line":60,"column":10},"end":{"line":60,"column":24}},{"start":{"line":60,"column":24},"end":{"line":60,"column":70}},{"start":{"line":60,"column":70},"end":{"line":60,"column":84}},{"start":{"line":60,"column":84},"end":{"line":60,"column":128}}]},"7":{"loc":{"start":{"line":67,"column":8},"end":{"line":73,"column":null}},"type":"if","locations":[{"start":{"line":67,"column":8},"end":{"line":73,"column":null}},{"start":{"line":71,"column":11},"end":{"line":73,"column":null}}]},"8":{"loc":{"start":{"line":110,"column":15},"end":{"line":110,"column":null}},"type":"if","locations":[{"start":{"line":110,"column":15},"end":{"line":110,"column":null}},{"start":{"line":110,"column":23},"end":{"line":110,"column":null}}]},"9":{"loc":{"start":{"line":102,"column":11},"end":{"line":102,"column":null}},"type":"if","locations":[{"start":{"line":102,"column":11},"end":{"line":102,"column":null}},{"start":{},"end":{}}]},"10":{"loc":{"start":{"line":100,"column":34},"end":{"line":100,"column":56}},"type":"cond-expr","locations":[{"start":{"line":100,"column":43},"end":{"line":100,"column":51}},{"start":{"line":100,"column":54},"end":{"line":100,"column":56}}]}},"s":{"0":0,"1":0,"2":0,"3":0,"4":4,"5":4,"6":4,"7":4,"8":4,"9":4,"10":4,"11":4,"12":4,"13":4,"14":4,"15":4,"16":0,"17":0,"18":0,"19":0,"20":0,"21":0,"22":0,"23":0,"24":0,"25":0,"26":0,"27":0,"28":0,"29":4,"30":0,"31":4,"32":4,"33":4,"34":4,"35":4,"36":0,"37":0,"38":0,"39":0,"40":0,"41":0,"42":0,"43":0,"44":4,"45":0,"46":4,"47":4,"48":4,"49":4,"50":4,"51":4,"52":4,"53":4,"54":4,"55":4},"f":{"0":0,"1":0,"2":0,"3":0,"4":0,"5":0,"6":0,"7":0,"8":0,"9":0,"10":0},"b":{"0":[0,0],"1":[4,0],"2":[0,0],"3":[0,0],"4":[0,0],"5":[0,0],"6":[0,0,0,0],"7":[0,4],"8":[0,0],"9":[0,4],"10":[0,4]}}
}
